[0.010s] Invoking command in '/home/jkan67/b.ob_sim/b.ob/src/bob/build/bob': CMAKE_PREFIX_PATH=${CMAKE_PREFIX_PATH}:/opt/ros/humble /usr/bin/cmake /home/jkan67/b.ob_sim/b.ob/src/bob/src -DAMENT_CMAKE_SYMLINK_INSTALL=1 -DCMAKE_INSTALL_PREFIX=/home/jkan67/b.ob_sim/b.ob/src/bob/install/bob
[0.067s] -- The C compiler identification is GNU 11.4.0
[0.127s] -- The CXX compiler identification is GNU 11.4.0
[0.134s] -- Detecting C compiler ABI info
[0.208s] -- Detecting C compiler ABI info - done
[0.220s] -- Check for working C compiler: /usr/bin/cc - skipped
[0.220s] -- Detecting C compile features
[0.221s] -- Detecting C compile features - done
[0.225s] -- Detecting CXX compiler ABI info
[0.309s] -- Detecting CXX compiler ABI info - done
[0.318s] -- Check for working CXX compiler: /usr/bin/c++ - skipped
[0.318s] -- Detecting CXX compile features
[0.319s] -- Detecting CXX compile features - done
[0.322s] -- Found ament_cmake: 1.3.8 (/opt/ros/humble/share/ament_cmake/cmake)
[0.486s] -- Found Python3: /usr/bin/python3 (found version "3.10.12") found components: Interpreter 
[0.555s] -- Override CMake install command with custom implementation using symlinks instead of copying resources
[0.582s] -- Found ament_lint_auto: 0.12.10 (/opt/ros/humble/share/ament_lint_auto/cmake)
[0.668s] -- Added test 'copyright' to check source files copyright and LICENSE
[0.671s] -- Added test 'flake8' to check Python code syntax and style conventions
[0.672s] -- Added test 'lint_cmake' to check CMake code style
[0.672s] -- Added test 'pep257' to check Python code against some of the docstring style conventions in PEP 257
[0.674s] -- Added test 'xmllint' to check XML markup files
[0.675s] -- Configuring done
[0.678s] -- Generating done
[0.679s] -- Build files have been written to: /home/jkan67/b.ob_sim/b.ob/src/bob/build/bob
[0.683s] Invoked command in '/home/jkan67/b.ob_sim/b.ob/src/bob/build/bob' returned '0': CMAKE_PREFIX_PATH=${CMAKE_PREFIX_PATH}:/opt/ros/humble /usr/bin/cmake /home/jkan67/b.ob_sim/b.ob/src/bob/src -DAMENT_CMAKE_SYMLINK_INSTALL=1 -DCMAKE_INSTALL_PREFIX=/home/jkan67/b.ob_sim/b.ob/src/bob/install/bob
[0.686s] Invoking command in '/home/jkan67/b.ob_sim/b.ob/src/bob/build/bob': CMAKE_PREFIX_PATH=${CMAKE_PREFIX_PATH}:/opt/ros/humble /usr/bin/cmake --build /home/jkan67/b.ob_sim/b.ob/src/bob/build/bob -- -j8 -l8
[0.727s] Invoked command in '/home/jkan67/b.ob_sim/b.ob/src/bob/build/bob' returned '0': CMAKE_PREFIX_PATH=${CMAKE_PREFIX_PATH}:/opt/ros/humble /usr/bin/cmake --build /home/jkan67/b.ob_sim/b.ob/src/bob/build/bob -- -j8 -l8
[0.761s] Invoking command in '/home/jkan67/b.ob_sim/b.ob/src/bob/build/bob': CMAKE_PREFIX_PATH=${CMAKE_PREFIX_PATH}:/opt/ros/humble /usr/bin/cmake --install /home/jkan67/b.ob_sim/b.ob/src/bob/build/bob
[0.770s] -- Install configuration: ""
[0.770s] -- Execute custom install script
[0.771s] -- Symlinking: /home/jkan67/b.ob_sim/b.ob/src/bob/install/bob/share/bob/config/drive_bot.rviz
[0.783s] -- Symlinking: /home/jkan67/b.ob_sim/b.ob/src/bob/install/bob/share/bob/config/empty.yaml
[0.793s] -- Symlinking: /home/jkan67/b.ob_sim/b.ob/src/bob/install/bob/share/bob/config/view_bot.rviz
[0.803s] -- Symlinking: /home/jkan67/b.ob_sim/b.ob/src/bob/install/bob/share/bob/description/accelerometer.xacro
[0.813s] -- Symlinking: /home/jkan67/b.ob_sim/b.ob/src/bob/install/bob/share/bob/description/camera.xacro
[0.822s] -- Symlinking: /home/jkan67/b.ob_sim/b.ob/src/bob/install/bob/share/bob/description/lidar.xacro
[0.832s] -- Symlinking: /home/jkan67/b.ob_sim/b.ob/src/bob/install/bob/share/bob/description/robot.gazebo
[0.843s] -- Symlinking: /home/jkan67/b.ob_sim/b.ob/src/bob/install/bob/share/bob/description/robot.urdf.xacro
[0.852s] -- Symlinking: /home/jkan67/b.ob_sim/b.ob/src/bob/install/bob/share/bob/description/robot_core.xacro
[0.862s] -- Symlinking: /home/jkan67/b.ob_sim/b.ob/src/bob/install/bob/share/bob/launch/launch_sim.launch.py
[0.872s] -- Symlinking: /home/jkan67/b.ob_sim/b.ob/src/bob/install/bob/share/bob/launch/rsp.launch.py
[0.882s] -- Symlinking: /home/jkan67/b.ob_sim/b.ob/src/bob/install/bob/share/bob/worlds/empty.world
[0.892s] -- Symlinking: /home/jkan67/b.ob_sim/b.ob/src/bob/install/bob/share/bob/worlds/obstacles.world
[0.901s] -- Symlinking: /home/jkan67/b.ob_sim/b.ob/src/bob/install/bob/share/ament_index/resource_index/package_run_dependencies/bob
[0.912s] -- Symlinking: /home/jkan67/b.ob_sim/b.ob/src/bob/install/bob/share/ament_index/resource_index/parent_prefix_path/bob
[0.922s] -- Symlinking: /home/jkan67/b.ob_sim/b.ob/src/bob/install/bob/share/bob/environment/ament_prefix_path.sh
[0.932s] -- Symlinking: /home/jkan67/b.ob_sim/b.ob/src/bob/install/bob/share/bob/environment/ament_prefix_path.dsv
[0.942s] -- Symlinking: /home/jkan67/b.ob_sim/b.ob/src/bob/install/bob/share/bob/environment/path.sh
[0.953s] -- Symlinking: /home/jkan67/b.ob_sim/b.ob/src/bob/install/bob/share/bob/environment/path.dsv
[0.964s] -- Symlinking: /home/jkan67/b.ob_sim/b.ob/src/bob/install/bob/share/bob/local_setup.bash
[0.974s] -- Symlinking: /home/jkan67/b.ob_sim/b.ob/src/bob/install/bob/share/bob/local_setup.sh
[0.984s] -- Symlinking: /home/jkan67/b.ob_sim/b.ob/src/bob/install/bob/share/bob/local_setup.zsh
[0.994s] -- Symlinking: /home/jkan67/b.ob_sim/b.ob/src/bob/install/bob/share/bob/local_setup.dsv
[1.004s] -- Symlinking: /home/jkan67/b.ob_sim/b.ob/src/bob/install/bob/share/bob/package.dsv
[1.014s] -- Symlinking: /home/jkan67/b.ob_sim/b.ob/src/bob/install/bob/share/ament_index/resource_index/packages/bob
[1.024s] -- Symlinking: /home/jkan67/b.ob_sim/b.ob/src/bob/install/bob/share/bob/cmake/bobConfig.cmake
[1.036s] -- Symlinking: /home/jkan67/b.ob_sim/b.ob/src/bob/install/bob/share/bob/cmake/bobConfig-version.cmake
[1.046s] -- Symlinking: /home/jkan67/b.ob_sim/b.ob/src/bob/install/bob/share/bob/package.xml
[1.058s] Invoked command in '/home/jkan67/b.ob_sim/b.ob/src/bob/build/bob' returned '0': CMAKE_PREFIX_PATH=${CMAKE_PREFIX_PATH}:/opt/ros/humble /usr/bin/cmake --install /home/jkan67/b.ob_sim/b.ob/src/bob/build/bob
