[0.111s] DEBUG:colcon:Command line arguments: ['/usr/bin/colcon', 'build', '--symlink-install']
[0.111s] DEBUG:colcon:Parsed command line arguments: Namespace(log_base=None, log_level=None, verb_name='build', build_base='build', install_base='install', merge_install=False, symlink_install=True, test_result_base=None, continue_on_error=False, executor='parallel', parallel_workers=8, event_handlers=None, ignore_user_meta=False, metas=['./colcon.meta'], base_paths=['.'], packages_ignore=None, packages_ignore_regex=None, paths=None, packages_up_to=None, packages_up_to_regex=None, packages_above=None, packages_above_and_dependencies=None, packages_above_depth=None, packages_select_by_dep=None, packages_skip_by_dep=None, packages_skip_up_to=None, packages_select_build_failed=False, packages_skip_build_finished=False, packages_select_test_failures=False, packages_skip_test_passed=False, packages_select=None, packages_skip=None, packages_select_regex=None, packages_skip_regex=None, packages_start=None, packages_end=None, allow_overriding=[], cmake_args=None, cmake_target=None, cmake_target_skip_unavailable=False, cmake_clean_cache=False, cmake_clean_first=False, cmake_force_configure=False, ament_cmake_args=None, catkin_cmake_args=None, catkin_skip_building_tests=False, verb_parser=<colcon_defaults.argument_parser.defaults.DefaultArgumentsDecorator object at 0x741e04a179a0>, verb_extension=<colcon_core.verb.build.BuildVerb object at 0x741e04a173a0>, main=<bound method BuildVerb.main of <colcon_core.verb.build.BuildVerb object at 0x741e04a173a0>>)
[0.283s] Level 1:colcon.colcon_core.package_discovery:discover_packages(colcon_meta) check parameters
[0.284s] Level 1:colcon.colcon_core.package_discovery:discover_packages(recursive) check parameters
[0.284s] Level 1:colcon.colcon_core.package_discovery:discover_packages(ignore) check parameters
[0.284s] Level 1:colcon.colcon_core.package_discovery:discover_packages(path) check parameters
[0.284s] Level 1:colcon.colcon_core.package_discovery:discover_packages(colcon_meta) discover
[0.284s] Level 1:colcon.colcon_core.package_discovery:discover_packages(recursive) discover
[0.284s] INFO:colcon.colcon_core.package_discovery:Crawling recursively for packages in '/home/jkan67/jkan67/b.ob/src/bob'
[0.284s] Level 1:colcon.colcon_core.package_identification:_identify(.) by extensions ['ignore', 'ignore_ament_install']
[0.284s] Level 1:colcon.colcon_core.package_identification:_identify(.) by extension 'ignore'
[0.284s] Level 1:colcon.colcon_core.package_identification:_identify(.) by extension 'ignore_ament_install'
[0.284s] Level 1:colcon.colcon_core.package_identification:_identify(.) by extensions ['colcon_pkg']
[0.284s] Level 1:colcon.colcon_core.package_identification:_identify(.) by extension 'colcon_pkg'
[0.284s] Level 1:colcon.colcon_core.package_identification:_identify(.) by extensions ['colcon_meta']
[0.284s] Level 1:colcon.colcon_core.package_identification:_identify(.) by extension 'colcon_meta'
[0.284s] Level 1:colcon.colcon_core.package_identification:_identify(.) by extensions ['ros']
[0.284s] Level 1:colcon.colcon_core.package_identification:_identify(.) by extension 'ros'
[0.296s] Level 1:colcon.colcon_core.package_identification:_identify(.) by extensions ['cmake', 'python']
[0.296s] Level 1:colcon.colcon_core.package_identification:_identify(.) by extension 'cmake'
[0.296s] Level 1:colcon.colcon_core.package_identification:_identify(.) by extension 'python'
[0.296s] Level 1:colcon.colcon_core.package_identification:_identify(.) by extensions ['python_setup_py']
[0.296s] Level 1:colcon.colcon_core.package_identification:_identify(.) by extension 'python_setup_py'
[0.296s] Level 1:colcon.colcon_core.package_identification:_identify(build) by extensions ['ignore', 'ignore_ament_install']
[0.296s] Level 1:colcon.colcon_core.package_identification:_identify(build) by extension 'ignore'
[0.296s] Level 1:colcon.colcon_core.package_identification:_identify(build) ignored
[0.296s] Level 1:colcon.colcon_core.package_identification:_identify(install) by extensions ['ignore', 'ignore_ament_install']
[0.296s] Level 1:colcon.colcon_core.package_identification:_identify(install) by extension 'ignore'
[0.296s] Level 1:colcon.colcon_core.package_identification:_identify(install) ignored
[0.296s] Level 1:colcon.colcon_core.package_identification:_identify(log) by extensions ['ignore', 'ignore_ament_install']
[0.297s] Level 1:colcon.colcon_core.package_identification:_identify(log) by extension 'ignore'
[0.297s] Level 1:colcon.colcon_core.package_identification:_identify(log) ignored
[0.297s] Level 1:colcon.colcon_core.package_identification:_identify(src) by extensions ['ignore', 'ignore_ament_install']
[0.297s] Level 1:colcon.colcon_core.package_identification:_identify(src) by extension 'ignore'
[0.297s] Level 1:colcon.colcon_core.package_identification:_identify(src) by extension 'ignore_ament_install'
[0.297s] Level 1:colcon.colcon_core.package_identification:_identify(src) by extensions ['colcon_pkg']
[0.297s] Level 1:colcon.colcon_core.package_identification:_identify(src) by extension 'colcon_pkg'
[0.297s] Level 1:colcon.colcon_core.package_identification:_identify(src) by extensions ['colcon_meta']
[0.297s] Level 1:colcon.colcon_core.package_identification:_identify(src) by extension 'colcon_meta'
[0.297s] Level 1:colcon.colcon_core.package_identification:_identify(src) by extensions ['ros']
[0.297s] Level 1:colcon.colcon_core.package_identification:_identify(src) by extension 'ros'
[0.299s] DEBUG:colcon.colcon_core.package_identification:Package 'src' with type 'ros.ament_cmake' and name 'bob'
[0.299s] Level 1:colcon.colcon_core.package_discovery:discover_packages(recursive) using defaults
[0.299s] Level 1:colcon.colcon_core.package_discovery:discover_packages(ignore) discover
[0.299s] Level 1:colcon.colcon_core.package_discovery:discover_packages(ignore) using defaults
[0.300s] Level 1:colcon.colcon_core.package_discovery:discover_packages(path) discover
[0.300s] Level 1:colcon.colcon_core.package_discovery:discover_packages(path) using defaults
[0.319s] Level 1:colcon.colcon_core.package_discovery:discover_packages(prefix_path) check parameters
[0.319s] Level 1:colcon.colcon_core.package_discovery:discover_packages(prefix_path) discover
[0.320s] WARNING:colcon.colcon_ros.prefix_path.ament:The path '/home/jkan67/jkan67/b.ob/src/bob/install/bob' in the environment variable AMENT_PREFIX_PATH doesn't exist
[0.320s] WARNING:colcon.colcon_ros.prefix_path.catkin:The path '/home/jkan67/jkan67/b.ob/src/bob/install/bob' in the environment variable CMAKE_PREFIX_PATH doesn't exist
[0.321s] DEBUG:colcon.colcon_installed_package_information.package_discovery:Found 0 installed packages in /home/jkan67/jkan67/b.ob/src/bob/install
[0.322s] DEBUG:colcon.colcon_installed_package_information.package_discovery:Found 289 installed packages in /opt/ros/humble
[0.325s] Level 1:colcon.colcon_core.package_discovery:discover_packages(prefix_path) using defaults
[0.382s] Level 5:colcon.colcon_core.verb:set package 'bob' build argument 'cmake_args' from command line to 'None'
[0.382s] Level 5:colcon.colcon_core.verb:set package 'bob' build argument 'cmake_target' from command line to 'None'
[0.382s] Level 5:colcon.colcon_core.verb:set package 'bob' build argument 'cmake_target_skip_unavailable' from command line to 'False'
[0.382s] Level 5:colcon.colcon_core.verb:set package 'bob' build argument 'cmake_clean_cache' from command line to 'False'
[0.382s] Level 5:colcon.colcon_core.verb:set package 'bob' build argument 'cmake_clean_first' from command line to 'False'
[0.382s] Level 5:colcon.colcon_core.verb:set package 'bob' build argument 'cmake_force_configure' from command line to 'False'
[0.382s] Level 5:colcon.colcon_core.verb:set package 'bob' build argument 'ament_cmake_args' from command line to 'None'
[0.382s] Level 5:colcon.colcon_core.verb:set package 'bob' build argument 'catkin_cmake_args' from command line to 'None'
[0.382s] Level 5:colcon.colcon_core.verb:set package 'bob' build argument 'catkin_skip_building_tests' from command line to 'False'
[0.382s] DEBUG:colcon.colcon_core.verb:Building package 'bob' with the following arguments: {'ament_cmake_args': None, 'build_base': '/home/jkan67/jkan67/b.ob/src/bob/build/bob', 'catkin_cmake_args': None, 'catkin_skip_building_tests': False, 'cmake_args': None, 'cmake_clean_cache': False, 'cmake_clean_first': False, 'cmake_force_configure': False, 'cmake_target': None, 'cmake_target_skip_unavailable': False, 'install_base': '/home/jkan67/jkan67/b.ob/src/bob/install/bob', 'merge_install': False, 'path': '/home/jkan67/jkan67/b.ob/src/bob/src', 'symlink_install': True, 'test_result_base': None}
[0.382s] INFO:colcon.colcon_core.executor:Executing jobs using 'parallel' executor
[0.383s] DEBUG:colcon.colcon_parallel_executor.executor.parallel:run_until_complete
[0.383s] INFO:colcon.colcon_ros.task.ament_cmake.build:Building ROS package in '/home/jkan67/jkan67/b.ob/src/bob/src' with build type 'ament_cmake'
[0.383s] INFO:colcon.colcon_cmake.task.cmake.build:Building CMake package in '/home/jkan67/jkan67/b.ob/src/bob/src'
[0.386s] INFO:colcon.colcon_core.plugin_system:Skipping extension 'colcon_core.shell.bat': Not used on non-Windows systems
[0.386s] INFO:colcon.colcon_core.shell:Skip shell extension 'powershell' for command environment: Not usable outside of PowerShell
[0.386s] DEBUG:colcon.colcon_core.shell:Skip shell extension 'dsv' for command environment
[0.394s] DEBUG:colcon.colcon_core.event_handler.log_command:Invoking command in '/home/jkan67/jkan67/b.ob/src/bob/build/bob': CMAKE_PREFIX_PATH=${CMAKE_PREFIX_PATH}:/opt/ros/humble /usr/bin/cmake /home/jkan67/jkan67/b.ob/src/bob/src -DAMENT_CMAKE_SYMLINK_INSTALL=1 -DCMAKE_INSTALL_PREFIX=/home/jkan67/jkan67/b.ob/src/bob/install/bob
[1.054s] DEBUG:colcon.colcon_core.event_handler.log_command:Invoked command in '/home/jkan67/jkan67/b.ob/src/bob/build/bob' returned '0': CMAKE_PREFIX_PATH=${CMAKE_PREFIX_PATH}:/opt/ros/humble /usr/bin/cmake /home/jkan67/jkan67/b.ob/src/bob/src -DAMENT_CMAKE_SYMLINK_INSTALL=1 -DCMAKE_INSTALL_PREFIX=/home/jkan67/jkan67/b.ob/src/bob/install/bob
[1.056s] DEBUG:colcon.colcon_core.event_handler.log_command:Invoking command in '/home/jkan67/jkan67/b.ob/src/bob/build/bob': CMAKE_PREFIX_PATH=${CMAKE_PREFIX_PATH}:/opt/ros/humble /usr/bin/cmake --build /home/jkan67/jkan67/b.ob/src/bob/build/bob -- -j8 -l8
[1.098s] DEBUG:colcon.colcon_core.event_handler.log_command:Invoked command in '/home/jkan67/jkan67/b.ob/src/bob/build/bob' returned '0': CMAKE_PREFIX_PATH=${CMAKE_PREFIX_PATH}:/opt/ros/humble /usr/bin/cmake --build /home/jkan67/jkan67/b.ob/src/bob/build/bob -- -j8 -l8
[1.133s] DEBUG:colcon.colcon_core.event_handler.log_command:Invoking command in '/home/jkan67/jkan67/b.ob/src/bob/build/bob': CMAKE_PREFIX_PATH=${CMAKE_PREFIX_PATH}:/opt/ros/humble /usr/bin/cmake --install /home/jkan67/jkan67/b.ob/src/bob/build/bob
[1.438s] Level 1:colcon.colcon_core.environment:create_environment_scripts_only(bob)
[1.439s] DEBUG:colcon.colcon_core.event_handler.log_command:Invoked command in '/home/jkan67/jkan67/b.ob/src/bob/build/bob' returned '0': CMAKE_PREFIX_PATH=${CMAKE_PREFIX_PATH}:/opt/ros/humble /usr/bin/cmake --install /home/jkan67/jkan67/b.ob/src/bob/build/bob
[1.441s] Level 1:colcon.colcon_core.environment:checking '/home/jkan67/jkan67/b.ob/src/bob/install/bob' for CMake module files
[1.442s] Level 1:colcon.colcon_core.environment:checking '/home/jkan67/jkan67/b.ob/src/bob/install/bob' for CMake config files
[1.442s] Level 1:colcon.colcon_core.shell:create_environment_hook('bob', 'cmake_prefix_path')
[1.442s] INFO:colcon.colcon_core.shell:Creating environment hook '/home/jkan67/jkan67/b.ob/src/bob/install/bob/share/bob/hook/cmake_prefix_path.ps1'
[1.443s] INFO:colcon.colcon_core.shell:Creating environment descriptor '/home/jkan67/jkan67/b.ob/src/bob/install/bob/share/bob/hook/cmake_prefix_path.dsv'
[1.443s] INFO:colcon.colcon_core.shell:Creating environment hook '/home/jkan67/jkan67/b.ob/src/bob/install/bob/share/bob/hook/cmake_prefix_path.sh'
[1.444s] Level 1:colcon.colcon_core.environment:checking '/home/jkan67/jkan67/b.ob/src/bob/install/bob/bin'
[1.444s] Level 1:colcon.colcon_core.environment:checking '/home/jkan67/jkan67/b.ob/src/bob/install/bob/lib/pkgconfig/bob.pc'
[1.444s] Level 1:colcon.colcon_core.environment:checking '/home/jkan67/jkan67/b.ob/src/bob/install/bob/lib/python3.10/site-packages'
[1.445s] Level 1:colcon.colcon_core.environment:checking '/home/jkan67/jkan67/b.ob/src/bob/install/bob/bin'
[1.445s] INFO:colcon.colcon_core.shell:Creating package script '/home/jkan67/jkan67/b.ob/src/bob/install/bob/share/bob/package.ps1'
[1.446s] INFO:colcon.colcon_core.shell:Creating package descriptor '/home/jkan67/jkan67/b.ob/src/bob/install/bob/share/bob/package.dsv'
[1.446s] INFO:colcon.colcon_core.shell:Creating package script '/home/jkan67/jkan67/b.ob/src/bob/install/bob/share/bob/package.sh'
[1.447s] INFO:colcon.colcon_core.shell:Creating package script '/home/jkan67/jkan67/b.ob/src/bob/install/bob/share/bob/package.bash'
[1.447s] INFO:colcon.colcon_core.shell:Creating package script '/home/jkan67/jkan67/b.ob/src/bob/install/bob/share/bob/package.zsh'
[1.448s] Level 1:colcon.colcon_core.environment:create_file_with_runtime_dependencies(/home/jkan67/jkan67/b.ob/src/bob/install/bob/share/colcon-core/packages/bob)
[1.472s] Level 1:colcon.colcon_core.environment:create_environment_scripts_only(bob)
[1.473s] Level 1:colcon.colcon_core.environment:checking '/home/jkan67/jkan67/b.ob/src/bob/install/bob' for CMake module files
[1.473s] Level 1:colcon.colcon_core.environment:checking '/home/jkan67/jkan67/b.ob/src/bob/install/bob' for CMake config files
[1.474s] Level 1:colcon.colcon_core.shell:create_environment_hook('bob', 'cmake_prefix_path')
[1.474s] INFO:colcon.colcon_core.shell:Creating environment hook '/home/jkan67/jkan67/b.ob/src/bob/install/bob/share/bob/hook/cmake_prefix_path.ps1'
[1.474s] INFO:colcon.colcon_core.shell:Creating environment descriptor '/home/jkan67/jkan67/b.ob/src/bob/install/bob/share/bob/hook/cmake_prefix_path.dsv'
[1.474s] INFO:colcon.colcon_core.shell:Creating environment hook '/home/jkan67/jkan67/b.ob/src/bob/install/bob/share/bob/hook/cmake_prefix_path.sh'
[1.475s] Level 1:colcon.colcon_core.environment:checking '/home/jkan67/jkan67/b.ob/src/bob/install/bob/bin'
[1.475s] Level 1:colcon.colcon_core.environment:checking '/home/jkan67/jkan67/b.ob/src/bob/install/bob/lib/pkgconfig/bob.pc'
[1.475s] Level 1:colcon.colcon_core.environment:checking '/home/jkan67/jkan67/b.ob/src/bob/install/bob/lib/python3.10/site-packages'
[1.475s] Level 1:colcon.colcon_core.environment:checking '/home/jkan67/jkan67/b.ob/src/bob/install/bob/bin'
[1.476s] INFO:colcon.colcon_core.shell:Creating package script '/home/jkan67/jkan67/b.ob/src/bob/install/bob/share/bob/package.ps1'
[1.476s] INFO:colcon.colcon_core.shell:Creating package descriptor '/home/jkan67/jkan67/b.ob/src/bob/install/bob/share/bob/package.dsv'
[1.477s] INFO:colcon.colcon_core.shell:Creating package script '/home/jkan67/jkan67/b.ob/src/bob/install/bob/share/bob/package.sh'
[1.477s] INFO:colcon.colcon_core.shell:Creating package script '/home/jkan67/jkan67/b.ob/src/bob/install/bob/share/bob/package.bash'
[1.478s] INFO:colcon.colcon_core.shell:Creating package script '/home/jkan67/jkan67/b.ob/src/bob/install/bob/share/bob/package.zsh'
[1.478s] Level 1:colcon.colcon_core.environment:create_file_with_runtime_dependencies(/home/jkan67/jkan67/b.ob/src/bob/install/bob/share/colcon-core/packages/bob)
[1.478s] DEBUG:colcon.colcon_parallel_executor.executor.parallel:closing loop
[1.479s] DEBUG:colcon.colcon_parallel_executor.executor.parallel:loop closed
[1.479s] DEBUG:colcon.colcon_parallel_executor.executor.parallel:run_until_complete finished with '0'
[1.479s] DEBUG:colcon.colcon_core.event_reactor:joining thread
[1.484s] INFO:colcon.colcon_core.plugin_system:Skipping extension 'colcon_notification.desktop_notification.terminal_notifier': Not used on non-Darwin systems
[1.484s] INFO:colcon.colcon_core.plugin_system:Skipping extension 'colcon_notification.desktop_notification.win32': Not used on non-Windows systems
[1.484s] INFO:colcon.colcon_notification.desktop_notification:Sending desktop notification using 'notify2'
[1.497s] DEBUG:colcon.colcon_core.event_reactor:joined thread
[1.497s] INFO:colcon.colcon_core.shell:Creating prefix script '/home/jkan67/jkan67/b.ob/src/bob/install/local_setup.ps1'
[1.498s] INFO:colcon.colcon_core.shell:Creating prefix util module '/home/jkan67/jkan67/b.ob/src/bob/install/_local_setup_util_ps1.py'
[1.500s] INFO:colcon.colcon_core.shell:Creating prefix chain script '/home/jkan67/jkan67/b.ob/src/bob/install/setup.ps1'
[1.500s] INFO:colcon.colcon_core.shell:Creating prefix script '/home/jkan67/jkan67/b.ob/src/bob/install/local_setup.sh'
[1.501s] INFO:colcon.colcon_core.shell:Creating prefix util module '/home/jkan67/jkan67/b.ob/src/bob/install/_local_setup_util_sh.py'
[1.501s] INFO:colcon.colcon_core.shell:Creating prefix chain script '/home/jkan67/jkan67/b.ob/src/bob/install/setup.sh'
[1.503s] INFO:colcon.colcon_core.shell:Creating prefix script '/home/jkan67/jkan67/b.ob/src/bob/install/local_setup.bash'
[1.504s] INFO:colcon.colcon_core.shell:Creating prefix chain script '/home/jkan67/jkan67/b.ob/src/bob/install/setup.bash'
[1.505s] INFO:colcon.colcon_core.shell:Creating prefix script '/home/jkan67/jkan67/b.ob/src/bob/install/local_setup.zsh'
[1.505s] INFO:colcon.colcon_core.shell:Creating prefix chain script '/home/jkan67/jkan67/b.ob/src/bob/install/setup.zsh'
