[0.196s] DEBUG:colcon:Command line arguments: ['/usr/bin/colcon', 'list', '-p', '--base-paths', '/home/jkan67/b.ob_sim/b.ob']
[0.196s] DEBUG:colcon:Parsed command line arguments: Namespace(log_base=None, log_level=None, verb_name='list', build_base='build', ignore_user_meta=False, metas=['./colcon.meta'], base_paths=['/home/jkan67/b.ob_sim/b.ob'], packages_ignore=None, packages_ignore_regex=None, paths=None, packages_up_to=None, packages_up_to_regex=None, packages_above=None, packages_above_and_dependencies=None, packages_above_depth=None, packages_select_by_dep=None, packages_skip_by_dep=None, packages_skip_up_to=None, packages_select_build_failed=False, packages_skip_build_finished=False, packages_select_test_failures=False, packages_skip_test_passed=False, packages_select=None, packages_skip=None, packages_select_regex=None, packages_skip_regex=None, packages_start=None, packages_end=None, allow_overriding=[], topological_order=False, names_only=False, paths_only=True, topological_graph=False, topological_graph_dot=False, topological_graph_density=False, topological_graph_legend=False, topological_graph_dot_cluster=False, topological_graph_dot_include_skipped=False, verb_parser=<colcon_defaults.argument_parser.defaults.DefaultArgumentsDecorator object at 0x711df8a44a90>, verb_extension=<colcon_package_information.verb.list.ListVerb object at 0x711df8a07a60>, main=<bound method ListVerb.main of <colcon_package_information.verb.list.ListVerb object at 0x711df8a07a60>>)
[0.601s] Level 1:colcon.colcon_core.package_discovery:discover_packages(colcon_meta) check parameters
[0.601s] Level 1:colcon.colcon_core.package_discovery:discover_packages(recursive) check parameters
[0.601s] Level 1:colcon.colcon_core.package_discovery:discover_packages(ignore) check parameters
[0.602s] Level 1:colcon.colcon_core.package_discovery:discover_packages(path) check parameters
[0.602s] Level 1:colcon.colcon_core.package_discovery:discover_packages(recursive) discover
[0.602s] INFO:colcon.colcon_core.package_discovery:Crawling recursively for packages in '/home/jkan67/b.ob_sim/b.ob'
[0.602s] Level 1:colcon.colcon_core.package_identification:_identify(/home/jkan67/b.ob_sim/b.ob) by extensions ['ignore', 'ignore_ament_install']
[0.602s] Level 1:colcon.colcon_core.package_identification:_identify(/home/jkan67/b.ob_sim/b.ob) by extension 'ignore'
[0.602s] Level 1:colcon.colcon_core.package_identification:_identify(/home/jkan67/b.ob_sim/b.ob) by extension 'ignore_ament_install'
[0.603s] Level 1:colcon.colcon_core.package_identification:_identify(/home/jkan67/b.ob_sim/b.ob) by extensions ['colcon_pkg']
[0.603s] Level 1:colcon.colcon_core.package_identification:_identify(/home/jkan67/b.ob_sim/b.ob) by extension 'colcon_pkg'
[0.603s] Level 1:colcon.colcon_core.package_identification:_identify(/home/jkan67/b.ob_sim/b.ob) by extensions ['colcon_meta']
[0.603s] Level 1:colcon.colcon_core.package_identification:_identify(/home/jkan67/b.ob_sim/b.ob) by extension 'colcon_meta'
[0.603s] Level 1:colcon.colcon_core.package_identification:_identify(/home/jkan67/b.ob_sim/b.ob) by extensions ['ros']
[0.603s] Level 1:colcon.colcon_core.package_identification:_identify(/home/jkan67/b.ob_sim/b.ob) by extension 'ros'
[0.626s] Level 1:colcon.colcon_core.package_identification:_identify(/home/jkan67/b.ob_sim/b.ob) by extensions ['cmake', 'python']
[0.626s] Level 1:colcon.colcon_core.package_identification:_identify(/home/jkan67/b.ob_sim/b.ob) by extension 'cmake'
[0.626s] Level 1:colcon.colcon_core.package_identification:_identify(/home/jkan67/b.ob_sim/b.ob) by extension 'python'
[0.626s] Level 1:colcon.colcon_core.package_identification:_identify(/home/jkan67/b.ob_sim/b.ob) by extensions ['python_setup_py']
[0.626s] Level 1:colcon.colcon_core.package_identification:_identify(/home/jkan67/b.ob_sim/b.ob) by extension 'python_setup_py'
[0.627s] Level 1:colcon.colcon_core.package_identification:_identify(/home/jkan67/b.ob_sim/b.ob/doc) by extensions ['ignore', 'ignore_ament_install']
[0.627s] Level 1:colcon.colcon_core.package_identification:_identify(/home/jkan67/b.ob_sim/b.ob/doc) by extension 'ignore'
[0.627s] Level 1:colcon.colcon_core.package_identification:_identify(/home/jkan67/b.ob_sim/b.ob/doc) by extension 'ignore_ament_install'
[0.627s] Level 1:colcon.colcon_core.package_identification:_identify(/home/jkan67/b.ob_sim/b.ob/doc) by extensions ['colcon_pkg']
[0.627s] Level 1:colcon.colcon_core.package_identification:_identify(/home/jkan67/b.ob_sim/b.ob/doc) by extension 'colcon_pkg'
[0.627s] Level 1:colcon.colcon_core.package_identification:_identify(/home/jkan67/b.ob_sim/b.ob/doc) by extensions ['colcon_meta']
[0.627s] Level 1:colcon.colcon_core.package_identification:_identify(/home/jkan67/b.ob_sim/b.ob/doc) by extension 'colcon_meta'
[0.628s] Level 1:colcon.colcon_core.package_identification:_identify(/home/jkan67/b.ob_sim/b.ob/doc) by extensions ['ros']
[0.628s] Level 1:colcon.colcon_core.package_identification:_identify(/home/jkan67/b.ob_sim/b.ob/doc) by extension 'ros'
[0.628s] Level 1:colcon.colcon_core.package_identification:_identify(/home/jkan67/b.ob_sim/b.ob/doc) by extensions ['cmake', 'python']
[0.628s] Level 1:colcon.colcon_core.package_identification:_identify(/home/jkan67/b.ob_sim/b.ob/doc) by extension 'cmake'
[0.628s] Level 1:colcon.colcon_core.package_identification:_identify(/home/jkan67/b.ob_sim/b.ob/doc) by extension 'python'
[0.628s] Level 1:colcon.colcon_core.package_identification:_identify(/home/jkan67/b.ob_sim/b.ob/doc) by extensions ['python_setup_py']
[0.628s] Level 1:colcon.colcon_core.package_identification:_identify(/home/jkan67/b.ob_sim/b.ob/doc) by extension 'python_setup_py'
[0.628s] Level 1:colcon.colcon_core.package_identification:_identify(/home/jkan67/b.ob_sim/b.ob/doc/HW_parts) by extensions ['ignore', 'ignore_ament_install']
[0.629s] Level 1:colcon.colcon_core.package_identification:_identify(/home/jkan67/b.ob_sim/b.ob/doc/HW_parts) by extension 'ignore'
[0.629s] Level 1:colcon.colcon_core.package_identification:_identify(/home/jkan67/b.ob_sim/b.ob/doc/HW_parts) by extension 'ignore_ament_install'
[0.629s] Level 1:colcon.colcon_core.package_identification:_identify(/home/jkan67/b.ob_sim/b.ob/doc/HW_parts) by extensions ['colcon_pkg']
[0.629s] Level 1:colcon.colcon_core.package_identification:_identify(/home/jkan67/b.ob_sim/b.ob/doc/HW_parts) by extension 'colcon_pkg'
[0.629s] Level 1:colcon.colcon_core.package_identification:_identify(/home/jkan67/b.ob_sim/b.ob/doc/HW_parts) by extensions ['colcon_meta']
[0.629s] Level 1:colcon.colcon_core.package_identification:_identify(/home/jkan67/b.ob_sim/b.ob/doc/HW_parts) by extension 'colcon_meta'
[0.629s] Level 1:colcon.colcon_core.package_identification:_identify(/home/jkan67/b.ob_sim/b.ob/doc/HW_parts) by extensions ['ros']
[0.630s] Level 1:colcon.colcon_core.package_identification:_identify(/home/jkan67/b.ob_sim/b.ob/doc/HW_parts) by extension 'ros'
[0.630s] Level 1:colcon.colcon_core.package_identification:_identify(/home/jkan67/b.ob_sim/b.ob/doc/HW_parts) by extensions ['cmake', 'python']
[0.630s] Level 1:colcon.colcon_core.package_identification:_identify(/home/jkan67/b.ob_sim/b.ob/doc/HW_parts) by extension 'cmake'
[0.630s] Level 1:colcon.colcon_core.package_identification:_identify(/home/jkan67/b.ob_sim/b.ob/doc/HW_parts) by extension 'python'
[0.630s] Level 1:colcon.colcon_core.package_identification:_identify(/home/jkan67/b.ob_sim/b.ob/doc/HW_parts) by extensions ['python_setup_py']
[0.630s] Level 1:colcon.colcon_core.package_identification:_identify(/home/jkan67/b.ob_sim/b.ob/doc/HW_parts) by extension 'python_setup_py'
[0.630s] Level 1:colcon.colcon_core.package_identification:_identify(/home/jkan67/b.ob_sim/b.ob/doc/HW_parts/Datasheets) by extensions ['ignore', 'ignore_ament_install']
[0.631s] Level 1:colcon.colcon_core.package_identification:_identify(/home/jkan67/b.ob_sim/b.ob/doc/HW_parts/Datasheets) by extension 'ignore'
[0.631s] Level 1:colcon.colcon_core.package_identification:_identify(/home/jkan67/b.ob_sim/b.ob/doc/HW_parts/Datasheets) by extension 'ignore_ament_install'
[0.631s] Level 1:colcon.colcon_core.package_identification:_identify(/home/jkan67/b.ob_sim/b.ob/doc/HW_parts/Datasheets) by extensions ['colcon_pkg']
[0.631s] Level 1:colcon.colcon_core.package_identification:_identify(/home/jkan67/b.ob_sim/b.ob/doc/HW_parts/Datasheets) by extension 'colcon_pkg'
[0.631s] Level 1:colcon.colcon_core.package_identification:_identify(/home/jkan67/b.ob_sim/b.ob/doc/HW_parts/Datasheets) by extensions ['colcon_meta']
[0.631s] Level 1:colcon.colcon_core.package_identification:_identify(/home/jkan67/b.ob_sim/b.ob/doc/HW_parts/Datasheets) by extension 'colcon_meta'
[0.631s] Level 1:colcon.colcon_core.package_identification:_identify(/home/jkan67/b.ob_sim/b.ob/doc/HW_parts/Datasheets) by extensions ['ros']
[0.631s] Level 1:colcon.colcon_core.package_identification:_identify(/home/jkan67/b.ob_sim/b.ob/doc/HW_parts/Datasheets) by extension 'ros'
[0.632s] Level 1:colcon.colcon_core.package_identification:_identify(/home/jkan67/b.ob_sim/b.ob/doc/HW_parts/Datasheets) by extensions ['cmake', 'python']
[0.632s] Level 1:colcon.colcon_core.package_identification:_identify(/home/jkan67/b.ob_sim/b.ob/doc/HW_parts/Datasheets) by extension 'cmake'
[0.632s] Level 1:colcon.colcon_core.package_identification:_identify(/home/jkan67/b.ob_sim/b.ob/doc/HW_parts/Datasheets) by extension 'python'
[0.632s] Level 1:colcon.colcon_core.package_identification:_identify(/home/jkan67/b.ob_sim/b.ob/doc/HW_parts/Datasheets) by extensions ['python_setup_py']
[0.632s] Level 1:colcon.colcon_core.package_identification:_identify(/home/jkan67/b.ob_sim/b.ob/doc/HW_parts/Datasheets) by extension 'python_setup_py'
[0.632s] Level 1:colcon.colcon_core.package_identification:_identify(/home/jkan67/b.ob_sim/b.ob/log) by extensions ['ignore', 'ignore_ament_install']
[0.632s] Level 1:colcon.colcon_core.package_identification:_identify(/home/jkan67/b.ob_sim/b.ob/log) by extension 'ignore'
[0.633s] Level 1:colcon.colcon_core.package_identification:_identify(/home/jkan67/b.ob_sim/b.ob/log) ignored
[0.633s] Level 1:colcon.colcon_core.package_identification:_identify(/home/jkan67/b.ob_sim/b.ob/src) by extensions ['ignore', 'ignore_ament_install']
[0.633s] Level 1:colcon.colcon_core.package_identification:_identify(/home/jkan67/b.ob_sim/b.ob/src) by extension 'ignore'
[0.633s] Level 1:colcon.colcon_core.package_identification:_identify(/home/jkan67/b.ob_sim/b.ob/src) by extension 'ignore_ament_install'
[0.633s] Level 1:colcon.colcon_core.package_identification:_identify(/home/jkan67/b.ob_sim/b.ob/src) by extensions ['colcon_pkg']
[0.633s] Level 1:colcon.colcon_core.package_identification:_identify(/home/jkan67/b.ob_sim/b.ob/src) by extension 'colcon_pkg'
[0.633s] Level 1:colcon.colcon_core.package_identification:_identify(/home/jkan67/b.ob_sim/b.ob/src) by extensions ['colcon_meta']
[0.634s] Level 1:colcon.colcon_core.package_identification:_identify(/home/jkan67/b.ob_sim/b.ob/src) by extension 'colcon_meta'
[0.634s] Level 1:colcon.colcon_core.package_identification:_identify(/home/jkan67/b.ob_sim/b.ob/src) by extensions ['ros']
[0.634s] Level 1:colcon.colcon_core.package_identification:_identify(/home/jkan67/b.ob_sim/b.ob/src) by extension 'ros'
[0.634s] Level 1:colcon.colcon_core.package_identification:_identify(/home/jkan67/b.ob_sim/b.ob/src) by extensions ['cmake', 'python']
[0.634s] Level 1:colcon.colcon_core.package_identification:_identify(/home/jkan67/b.ob_sim/b.ob/src) by extension 'cmake'
[0.634s] Level 1:colcon.colcon_core.package_identification:_identify(/home/jkan67/b.ob_sim/b.ob/src) by extension 'python'
[0.634s] Level 1:colcon.colcon_core.package_identification:_identify(/home/jkan67/b.ob_sim/b.ob/src) by extensions ['python_setup_py']
[0.634s] Level 1:colcon.colcon_core.package_identification:_identify(/home/jkan67/b.ob_sim/b.ob/src) by extension 'python_setup_py'
[0.635s] Level 1:colcon.colcon_core.package_identification:_identify(/home/jkan67/b.ob_sim/b.ob/src/bob) by extensions ['ignore', 'ignore_ament_install']
[0.635s] Level 1:colcon.colcon_core.package_identification:_identify(/home/jkan67/b.ob_sim/b.ob/src/bob) by extension 'ignore'
[0.635s] Level 1:colcon.colcon_core.package_identification:_identify(/home/jkan67/b.ob_sim/b.ob/src/bob) by extension 'ignore_ament_install'
[0.635s] Level 1:colcon.colcon_core.package_identification:_identify(/home/jkan67/b.ob_sim/b.ob/src/bob) by extensions ['colcon_pkg']
[0.635s] Level 1:colcon.colcon_core.package_identification:_identify(/home/jkan67/b.ob_sim/b.ob/src/bob) by extension 'colcon_pkg'
[0.635s] Level 1:colcon.colcon_core.package_identification:_identify(/home/jkan67/b.ob_sim/b.ob/src/bob) by extensions ['colcon_meta']
[0.635s] Level 1:colcon.colcon_core.package_identification:_identify(/home/jkan67/b.ob_sim/b.ob/src/bob) by extension 'colcon_meta'
[0.635s] Level 1:colcon.colcon_core.package_identification:_identify(/home/jkan67/b.ob_sim/b.ob/src/bob) by extensions ['ros']
[0.635s] Level 1:colcon.colcon_core.package_identification:_identify(/home/jkan67/b.ob_sim/b.ob/src/bob) by extension 'ros'
[0.636s] Level 1:colcon.colcon_core.package_identification:_identify(/home/jkan67/b.ob_sim/b.ob/src/bob) by extensions ['cmake', 'python']
[0.636s] Level 1:colcon.colcon_core.package_identification:_identify(/home/jkan67/b.ob_sim/b.ob/src/bob) by extension 'cmake'
[0.636s] Level 1:colcon.colcon_core.package_identification:_identify(/home/jkan67/b.ob_sim/b.ob/src/bob) by extension 'python'
[0.636s] Level 1:colcon.colcon_core.package_identification:_identify(/home/jkan67/b.ob_sim/b.ob/src/bob) by extensions ['python_setup_py']
[0.636s] Level 1:colcon.colcon_core.package_identification:_identify(/home/jkan67/b.ob_sim/b.ob/src/bob) by extension 'python_setup_py'
[0.636s] Level 1:colcon.colcon_core.package_identification:_identify(/home/jkan67/b.ob_sim/b.ob/src/bob/src) by extensions ['ignore', 'ignore_ament_install']
[0.636s] Level 1:colcon.colcon_core.package_identification:_identify(/home/jkan67/b.ob_sim/b.ob/src/bob/src) by extension 'ignore'
[0.637s] Level 1:colcon.colcon_core.package_identification:_identify(/home/jkan67/b.ob_sim/b.ob/src/bob/src) by extension 'ignore_ament_install'
[0.637s] Level 1:colcon.colcon_core.package_identification:_identify(/home/jkan67/b.ob_sim/b.ob/src/bob/src) by extensions ['colcon_pkg']
[0.637s] Level 1:colcon.colcon_core.package_identification:_identify(/home/jkan67/b.ob_sim/b.ob/src/bob/src) by extension 'colcon_pkg'
[0.637s] Level 1:colcon.colcon_core.package_identification:_identify(/home/jkan67/b.ob_sim/b.ob/src/bob/src) by extensions ['colcon_meta']
[0.637s] Level 1:colcon.colcon_core.package_identification:_identify(/home/jkan67/b.ob_sim/b.ob/src/bob/src) by extension 'colcon_meta'
[0.637s] Level 1:colcon.colcon_core.package_identification:_identify(/home/jkan67/b.ob_sim/b.ob/src/bob/src) by extensions ['ros']
[0.637s] Level 1:colcon.colcon_core.package_identification:_identify(/home/jkan67/b.ob_sim/b.ob/src/bob/src) by extension 'ros'
[0.643s] DEBUG:colcon.colcon_core.package_identification:Package '/home/jkan67/b.ob_sim/b.ob/src/bob/src' with type 'ros.ament_cmake' and name 'bob'
[0.643s] Level 1:colcon.colcon_core.package_discovery:discover_packages(recursive) using defaults
