Determining if the pthread_create exist failed with the following output:
Change Dir: /home/bertrandt/BOB/catkin_ws/build/CMakeFiles/CMakeTmp

Run Build Command:"/usr/bin/make" "cmTC_efcbb/fast"
/usr/bin/make -f CMakeFiles/cmTC_efcbb.dir/build.make CMakeFiles/cmTC_efcbb.dir/build
make[1]: Entering directory '/home/bertrandt/BOB/catkin_ws/build/CMakeFiles/CMakeTmp'
Building C object CMakeFiles/cmTC_efcbb.dir/CheckSymbolExists.c.o
/usr/bin/cc    -o CMakeFiles/cmTC_efcbb.dir/CheckSymbolExists.c.o   -c /home/bertrandt/BOB/catkin_ws/build/CMakeFiles/CMakeTmp/CheckSymbolExists.c
Linking C executable cmTC_efcbb
/usr/bin/cmake -E cmake_link_script CMakeFiles/cmTC_efcbb.dir/link.txt --verbose=1
/usr/bin/cc      -rdynamic CMakeFiles/cmTC_efcbb.dir/CheckSymbolExists.c.o  -o cmTC_efcbb 
CMakeFiles/cmTC_efcbb.dir/CheckSymbolExists.c.o: In function `main':
CheckSymbolExists.c:(.text+0x14): undefined reference to `pthread_create'
CheckSymbolExists.c:(.text+0x18): undefined reference to `pthread_create'
collect2: error: ld returned 1 exit status
CMakeFiles/cmTC_efcbb.dir/build.make:97: recipe for target 'cmTC_efcbb' failed
make[1]: *** [cmTC_efcbb] Error 1
make[1]: Leaving directory '/home/bertrandt/BOB/catkin_ws/build/CMakeFiles/CMakeTmp'
Makefile:126: recipe for target 'cmTC_efcbb/fast' failed
make: *** [cmTC_efcbb/fast] Error 2

File /home/bertrandt/BOB/catkin_ws/build/CMakeFiles/CMakeTmp/CheckSymbolExists.c:
/* */
#include <pthread.h>

int main(int argc, char** argv)
{
  (void)argv;
#ifndef pthread_create
  return ((int*)(&pthread_create))[argc];
#else
  (void)argc;
  return 0;
#endif
}

Determining if the function pthread_create exists in the pthreads failed with the following output:
Change Dir: /home/bertrandt/BOB/catkin_ws/build/CMakeFiles/CMakeTmp

Run Build Command:"/usr/bin/make" "cmTC_4e953/fast"
/usr/bin/make -f CMakeFiles/cmTC_4e953.dir/build.make CMakeFiles/cmTC_4e953.dir/build
make[1]: Entering directory '/home/bertrandt/BOB/catkin_ws/build/CMakeFiles/CMakeTmp'
Building C object CMakeFiles/cmTC_4e953.dir/CheckFunctionExists.c.o
/usr/bin/cc   -DCHECK_FUNCTION_EXISTS=pthread_create   -o CMakeFiles/cmTC_4e953.dir/CheckFunctionExists.c.o   -c /usr/share/cmake-3.10/Modules/CheckFunctionExists.c
Linking C executable cmTC_4e953
/usr/bin/cmake -E cmake_link_script CMakeFiles/cmTC_4e953.dir/link.txt --verbose=1
/usr/bin/cc  -DCHECK_FUNCTION_EXISTS=pthread_create    -rdynamic CMakeFiles/cmTC_4e953.dir/CheckFunctionExists.c.o  -o cmTC_4e953 -lpthreads 
/usr/bin/ld: cannot find -lpthreads
collect2: error: ld returned 1 exit status
CMakeFiles/cmTC_4e953.dir/build.make:97: recipe for target 'cmTC_4e953' failed
make[1]: *** [cmTC_4e953] Error 1
make[1]: Leaving directory '/home/bertrandt/BOB/catkin_ws/build/CMakeFiles/CMakeTmp'
Makefile:126: recipe for target 'cmTC_4e953/fast' failed
make: *** [cmTC_4e953/fast] Error 2


