Determining if the pthread_create exist failed with the following output:
Change Dir: /home/bertrandt/BOB/library/MotorDriver/build/CMakeFiles/CMakeTmp

Run Build Command:"/usr/bin/make" "cmTC_eaa79/fast"
/usr/bin/make -f CMakeFiles/cmTC_eaa79.dir/build.make CMakeFiles/cmTC_eaa79.dir/build
make[1]: Entering directory '/home/bertrandt/BOB/library/MotorDriver/build/CMakeFiles/CMakeTmp'
Building C object CMakeFiles/cmTC_eaa79.dir/CheckSymbolExists.c.o
/usr/bin/cc    -o CMakeFiles/cmTC_eaa79.dir/CheckSymbolExists.c.o   -c /home/bertrandt/BOB/library/MotorDriver/build/CMakeFiles/CMakeTmp/CheckSymbolExists.c
Linking C executable cmTC_eaa79
/usr/bin/cmake -E cmake_link_script CMakeFiles/cmTC_eaa79.dir/link.txt --verbose=1
/usr/bin/cc      CMakeFiles/cmTC_eaa79.dir/CheckSymbolExists.c.o  -o cmTC_eaa79 
CMakeFiles/cmTC_eaa79.dir/CheckSymbolExists.c.o: In function `main':
CheckSymbolExists.c:(.text+0x14): undefined reference to `pthread_create'
CheckSymbolExists.c:(.text+0x18): undefined reference to `pthread_create'
collect2: error: ld returned 1 exit status
CMakeFiles/cmTC_eaa79.dir/build.make:97: recipe for target 'cmTC_eaa79' failed
make[1]: *** [cmTC_eaa79] Error 1
make[1]: Leaving directory '/home/bertrandt/BOB/library/MotorDriver/build/CMakeFiles/CMakeTmp'
Makefile:126: recipe for target 'cmTC_eaa79/fast' failed
make: *** [cmTC_eaa79/fast] Error 2

File /home/bertrandt/BOB/library/MotorDriver/build/CMakeFiles/CMakeTmp/CheckSymbolExists.c:
/* */
#include <pthread.h>

int main(int argc, char** argv)
{
  (void)argv;
#ifndef pthread_create
  return ((int*)(&pthread_create))[argc];
#else
  (void)argc;
  return 0;
#endif
}

Determining if the function pthread_create exists in the pthreads failed with the following output:
Change Dir: /home/bertrandt/BOB/library/MotorDriver/build/CMakeFiles/CMakeTmp

Run Build Command:"/usr/bin/make" "cmTC_650f2/fast"
/usr/bin/make -f CMakeFiles/cmTC_650f2.dir/build.make CMakeFiles/cmTC_650f2.dir/build
make[1]: Entering directory '/home/bertrandt/BOB/library/MotorDriver/build/CMakeFiles/CMakeTmp'
Building C object CMakeFiles/cmTC_650f2.dir/CheckFunctionExists.c.o
/usr/bin/cc   -DCHECK_FUNCTION_EXISTS=pthread_create   -o CMakeFiles/cmTC_650f2.dir/CheckFunctionExists.c.o   -c /usr/share/cmake-3.10/Modules/CheckFunctionExists.c
Linking C executable cmTC_650f2
/usr/bin/cmake -E cmake_link_script CMakeFiles/cmTC_650f2.dir/link.txt --verbose=1
/usr/bin/cc  -DCHECK_FUNCTION_EXISTS=pthread_create    CMakeFiles/cmTC_650f2.dir/CheckFunctionExists.c.o  -o cmTC_650f2 -lpthreads 
/usr/bin/ld: cannot find -lpthreads
collect2: error: ld returned 1 exit status
CMakeFiles/cmTC_650f2.dir/build.make:97: recipe for target 'cmTC_650f2' failed
make[1]: *** [cmTC_650f2] Error 1
make[1]: Leaving directory '/home/bertrandt/BOB/library/MotorDriver/build/CMakeFiles/CMakeTmp'
Makefile:126: recipe for target 'cmTC_650f2/fast' failed
make: *** [cmTC_650f2/fast] Error 2


