[0.150s] DEBUG:colcon:Command line arguments: ['/usr/bin/colcon', 'build', '--symlink-install']
[0.150s] DEBUG:colcon:Parsed command line arguments: Namespace(log_base=None, log_level=None, verb_name='build', build_base='build', install_base='install', merge_install=False, symlink_install=True, test_result_base=None, continue_on_error=False, executor='parallel', parallel_workers=8, event_handlers=None, ignore_user_meta=False, metas=['./colcon.meta'], base_paths=['.'], packages_ignore=None, packages_ignore_regex=None, paths=None, packages_up_to=None, packages_up_to_regex=None, packages_above=None, packages_above_and_dependencies=None, packages_above_depth=None, packages_select_by_dep=None, packages_skip_by_dep=None, packages_skip_up_to=None, packages_select_build_failed=False, packages_skip_build_finished=False, packages_select_test_failures=False, packages_skip_test_passed=False, packages_select=None, packages_skip=None, packages_select_regex=None, packages_skip_regex=None, packages_start=None, packages_end=None, allow_overriding=[], cmake_args=None, cmake_target=None, cmake_target_skip_unavailable=False, cmake_clean_cache=False, cmake_clean_first=False, cmake_force_configure=False, ament_cmake_args=None, catkin_cmake_args=None, catkin_skip_building_tests=False, verb_parser=<colcon_defaults.argument_parser.defaults.DefaultArgumentsDecorator object at 0x7d62f2103cd0>, verb_extension=<colcon_core.verb.build.BuildVerb object at 0x7d62f21036d0>, main=<bound method BuildVerb.main of <colcon_core.verb.build.BuildVerb object at 0x7d62f21036d0>>)
[0.377s] Level 1:colcon.colcon_core.package_discovery:discover_packages(colcon_meta) check parameters
[0.377s] Level 1:colcon.colcon_core.package_discovery:discover_packages(recursive) check parameters
[0.377s] Level 1:colcon.colcon_core.package_discovery:discover_packages(ignore) check parameters
[0.377s] Level 1:colcon.colcon_core.package_discovery:discover_packages(path) check parameters
[0.377s] Level 1:colcon.colcon_core.package_discovery:discover_packages(colcon_meta) discover
[0.377s] Level 1:colcon.colcon_core.package_discovery:discover_packages(recursive) discover
[0.377s] INFO:colcon.colcon_core.package_discovery:Crawling recursively for packages in '/home/jkan67/jkan67/b.ob/src/bob'
[0.377s] Level 1:colcon.colcon_core.package_identification:_identify(.) by extensions ['ignore', 'ignore_ament_install']
[0.377s] Level 1:colcon.colcon_core.package_identification:_identify(.) by extension 'ignore'
[0.377s] Level 1:colcon.colcon_core.package_identification:_identify(.) by extension 'ignore_ament_install'
[0.378s] Level 1:colcon.colcon_core.package_identification:_identify(.) by extensions ['colcon_pkg']
[0.378s] Level 1:colcon.colcon_core.package_identification:_identify(.) by extension 'colcon_pkg'
[0.378s] Level 1:colcon.colcon_core.package_identification:_identify(.) by extensions ['colcon_meta']
[0.378s] Level 1:colcon.colcon_core.package_identification:_identify(.) by extension 'colcon_meta'
[0.378s] Level 1:colcon.colcon_core.package_identification:_identify(.) by extensions ['ros']
[0.378s] Level 1:colcon.colcon_core.package_identification:_identify(.) by extension 'ros'
[0.392s] Level 1:colcon.colcon_core.package_identification:_identify(.) by extensions ['cmake', 'python']
[0.392s] Level 1:colcon.colcon_core.package_identification:_identify(.) by extension 'cmake'
[0.392s] Level 1:colcon.colcon_core.package_identification:_identify(.) by extension 'python'
[0.392s] Level 1:colcon.colcon_core.package_identification:_identify(.) by extensions ['python_setup_py']
[0.392s] Level 1:colcon.colcon_core.package_identification:_identify(.) by extension 'python_setup_py'
[0.392s] Level 1:colcon.colcon_core.package_identification:_identify(build) by extensions ['ignore', 'ignore_ament_install']
[0.392s] Level 1:colcon.colcon_core.package_identification:_identify(build) by extension 'ignore'
[0.392s] Level 1:colcon.colcon_core.package_identification:_identify(build) ignored
[0.392s] Level 1:colcon.colcon_core.package_identification:_identify(install) by extensions ['ignore', 'ignore_ament_install']
[0.393s] Level 1:colcon.colcon_core.package_identification:_identify(install) by extension 'ignore'
[0.393s] Level 1:colcon.colcon_core.package_identification:_identify(install) ignored
[0.393s] Level 1:colcon.colcon_core.package_identification:_identify(log) by extensions ['ignore', 'ignore_ament_install']
[0.393s] Level 1:colcon.colcon_core.package_identification:_identify(log) by extension 'ignore'
[0.393s] Level 1:colcon.colcon_core.package_identification:_identify(log) ignored
[0.393s] Level 1:colcon.colcon_core.package_identification:_identify(motor_encoder_library) by extensions ['ignore', 'ignore_ament_install']
[0.393s] Level 1:colcon.colcon_core.package_identification:_identify(motor_encoder_library) by extension 'ignore'
[0.393s] Level 1:colcon.colcon_core.package_identification:_identify(motor_encoder_library) by extension 'ignore_ament_install'
[0.393s] Level 1:colcon.colcon_core.package_identification:_identify(motor_encoder_library) by extensions ['colcon_pkg']
[0.393s] Level 1:colcon.colcon_core.package_identification:_identify(motor_encoder_library) by extension 'colcon_pkg'
[0.393s] Level 1:colcon.colcon_core.package_identification:_identify(motor_encoder_library) by extensions ['colcon_meta']
[0.393s] Level 1:colcon.colcon_core.package_identification:_identify(motor_encoder_library) by extension 'colcon_meta'
[0.393s] Level 1:colcon.colcon_core.package_identification:_identify(motor_encoder_library) by extensions ['ros']
[0.393s] Level 1:colcon.colcon_core.package_identification:_identify(motor_encoder_library) by extension 'ros'
[0.394s] Level 1:colcon.colcon_core.package_identification:_identify(motor_encoder_library) by extensions ['cmake', 'python']
[0.394s] Level 1:colcon.colcon_core.package_identification:_identify(motor_encoder_library) by extension 'cmake'
[0.394s] Level 1:colcon.colcon_core.package_identification:_identify(motor_encoder_library) by extension 'python'
[0.394s] Level 1:colcon.colcon_core.package_identification:_identify(motor_encoder_library) by extensions ['python_setup_py']
[0.394s] Level 1:colcon.colcon_core.package_identification:_identify(motor_encoder_library) by extension 'python_setup_py'
[0.394s] Level 1:colcon.colcon_core.package_identification:_identify(motor_encoder_library/build) by extensions ['ignore', 'ignore_ament_install']
[0.394s] Level 1:colcon.colcon_core.package_identification:_identify(motor_encoder_library/build) by extension 'ignore'
[0.394s] Level 1:colcon.colcon_core.package_identification:_identify(motor_encoder_library/build) by extension 'ignore_ament_install'
[0.394s] Level 1:colcon.colcon_core.package_identification:_identify(motor_encoder_library/build) by extensions ['colcon_pkg']
[0.394s] Level 1:colcon.colcon_core.package_identification:_identify(motor_encoder_library/build) by extension 'colcon_pkg'
[0.394s] Level 1:colcon.colcon_core.package_identification:_identify(motor_encoder_library/build) by extensions ['colcon_meta']
[0.394s] Level 1:colcon.colcon_core.package_identification:_identify(motor_encoder_library/build) by extension 'colcon_meta'
[0.394s] Level 1:colcon.colcon_core.package_identification:_identify(motor_encoder_library/build) by extensions ['ros']
[0.394s] Level 1:colcon.colcon_core.package_identification:_identify(motor_encoder_library/build) by extension 'ros'
[0.394s] Level 1:colcon.colcon_core.package_identification:_identify(motor_encoder_library/build) by extensions ['cmake', 'python']
[0.394s] Level 1:colcon.colcon_core.package_identification:_identify(motor_encoder_library/build) by extension 'cmake'
[0.394s] Level 1:colcon.colcon_core.package_identification:_identify(motor_encoder_library/build) by extension 'python'
[0.395s] Level 1:colcon.colcon_core.package_identification:_identify(motor_encoder_library/build) by extensions ['python_setup_py']
[0.395s] Level 1:colcon.colcon_core.package_identification:_identify(motor_encoder_library/build) by extension 'python_setup_py'
[0.395s] Level 1:colcon.colcon_core.package_identification:_identify(motor_encoder_library/build/CMakeFiles) by extensions ['ignore', 'ignore_ament_install']
[0.395s] Level 1:colcon.colcon_core.package_identification:_identify(motor_encoder_library/build/CMakeFiles) by extension 'ignore'
[0.395s] Level 1:colcon.colcon_core.package_identification:_identify(motor_encoder_library/build/CMakeFiles) by extension 'ignore_ament_install'
[0.395s] Level 1:colcon.colcon_core.package_identification:_identify(motor_encoder_library/build/CMakeFiles) by extensions ['colcon_pkg']
[0.395s] Level 1:colcon.colcon_core.package_identification:_identify(motor_encoder_library/build/CMakeFiles) by extension 'colcon_pkg'
[0.395s] Level 1:colcon.colcon_core.package_identification:_identify(motor_encoder_library/build/CMakeFiles) by extensions ['colcon_meta']
[0.395s] Level 1:colcon.colcon_core.package_identification:_identify(motor_encoder_library/build/CMakeFiles) by extension 'colcon_meta'
[0.395s] Level 1:colcon.colcon_core.package_identification:_identify(motor_encoder_library/build/CMakeFiles) by extensions ['ros']
[0.395s] Level 1:colcon.colcon_core.package_identification:_identify(motor_encoder_library/build/CMakeFiles) by extension 'ros'
[0.395s] Level 1:colcon.colcon_core.package_identification:_identify(motor_encoder_library/build/CMakeFiles) by extensions ['cmake', 'python']
[0.395s] Level 1:colcon.colcon_core.package_identification:_identify(motor_encoder_library/build/CMakeFiles) by extension 'cmake'
[0.395s] Level 1:colcon.colcon_core.package_identification:_identify(motor_encoder_library/build/CMakeFiles) by extension 'python'
[0.395s] Level 1:colcon.colcon_core.package_identification:_identify(motor_encoder_library/build/CMakeFiles) by extensions ['python_setup_py']
[0.395s] Level 1:colcon.colcon_core.package_identification:_identify(motor_encoder_library/build/CMakeFiles) by extension 'python_setup_py'
[0.396s] Level 1:colcon.colcon_core.package_identification:_identify(motor_encoder_library/build/CMakeFiles/3.22.1) by extensions ['ignore', 'ignore_ament_install']
[0.396s] Level 1:colcon.colcon_core.package_identification:_identify(motor_encoder_library/build/CMakeFiles/3.22.1) by extension 'ignore'
[0.396s] Level 1:colcon.colcon_core.package_identification:_identify(motor_encoder_library/build/CMakeFiles/3.22.1) by extension 'ignore_ament_install'
[0.396s] Level 1:colcon.colcon_core.package_identification:_identify(motor_encoder_library/build/CMakeFiles/3.22.1) by extensions ['colcon_pkg']
[0.396s] Level 1:colcon.colcon_core.package_identification:_identify(motor_encoder_library/build/CMakeFiles/3.22.1) by extension 'colcon_pkg'
[0.396s] Level 1:colcon.colcon_core.package_identification:_identify(motor_encoder_library/build/CMakeFiles/3.22.1) by extensions ['colcon_meta']
[0.396s] Level 1:colcon.colcon_core.package_identification:_identify(motor_encoder_library/build/CMakeFiles/3.22.1) by extension 'colcon_meta'
[0.396s] Level 1:colcon.colcon_core.package_identification:_identify(motor_encoder_library/build/CMakeFiles/3.22.1) by extensions ['ros']
[0.396s] Level 1:colcon.colcon_core.package_identification:_identify(motor_encoder_library/build/CMakeFiles/3.22.1) by extension 'ros'
[0.396s] Level 1:colcon.colcon_core.package_identification:_identify(motor_encoder_library/build/CMakeFiles/3.22.1) by extensions ['cmake', 'python']
[0.396s] Level 1:colcon.colcon_core.package_identification:_identify(motor_encoder_library/build/CMakeFiles/3.22.1) by extension 'cmake'
[0.396s] Level 1:colcon.colcon_core.package_identification:_identify(motor_encoder_library/build/CMakeFiles/3.22.1) by extension 'python'
[0.396s] Level 1:colcon.colcon_core.package_identification:_identify(motor_encoder_library/build/CMakeFiles/3.22.1) by extensions ['python_setup_py']
[0.396s] Level 1:colcon.colcon_core.package_identification:_identify(motor_encoder_library/build/CMakeFiles/3.22.1) by extension 'python_setup_py'
[0.396s] Level 1:colcon.colcon_core.package_identification:_identify(motor_encoder_library/build/CMakeFiles/3.22.1/CompilerIdC) by extensions ['ignore', 'ignore_ament_install']
[0.397s] Level 1:colcon.colcon_core.package_identification:_identify(motor_encoder_library/build/CMakeFiles/3.22.1/CompilerIdC) by extension 'ignore'
[0.397s] Level 1:colcon.colcon_core.package_identification:_identify(motor_encoder_library/build/CMakeFiles/3.22.1/CompilerIdC) by extension 'ignore_ament_install'
[0.397s] Level 1:colcon.colcon_core.package_identification:_identify(motor_encoder_library/build/CMakeFiles/3.22.1/CompilerIdC) by extensions ['colcon_pkg']
[0.397s] Level 1:colcon.colcon_core.package_identification:_identify(motor_encoder_library/build/CMakeFiles/3.22.1/CompilerIdC) by extension 'colcon_pkg'
[0.397s] Level 1:colcon.colcon_core.package_identification:_identify(motor_encoder_library/build/CMakeFiles/3.22.1/CompilerIdC) by extensions ['colcon_meta']
[0.397s] Level 1:colcon.colcon_core.package_identification:_identify(motor_encoder_library/build/CMakeFiles/3.22.1/CompilerIdC) by extension 'colcon_meta'
[0.397s] Level 1:colcon.colcon_core.package_identification:_identify(motor_encoder_library/build/CMakeFiles/3.22.1/CompilerIdC) by extensions ['ros']
[0.397s] Level 1:colcon.colcon_core.package_identification:_identify(motor_encoder_library/build/CMakeFiles/3.22.1/CompilerIdC) by extension 'ros'
[0.397s] Level 1:colcon.colcon_core.package_identification:_identify(motor_encoder_library/build/CMakeFiles/3.22.1/CompilerIdC) by extensions ['cmake', 'python']
[0.397s] Level 1:colcon.colcon_core.package_identification:_identify(motor_encoder_library/build/CMakeFiles/3.22.1/CompilerIdC) by extension 'cmake'
[0.397s] Level 1:colcon.colcon_core.package_identification:_identify(motor_encoder_library/build/CMakeFiles/3.22.1/CompilerIdC) by extension 'python'
[0.397s] Level 1:colcon.colcon_core.package_identification:_identify(motor_encoder_library/build/CMakeFiles/3.22.1/CompilerIdC) by extensions ['python_setup_py']
[0.397s] Level 1:colcon.colcon_core.package_identification:_identify(motor_encoder_library/build/CMakeFiles/3.22.1/CompilerIdC) by extension 'python_setup_py'
[0.397s] Level 1:colcon.colcon_core.package_identification:_identify(motor_encoder_library/build/CMakeFiles/3.22.1/CompilerIdC/tmp) by extensions ['ignore', 'ignore_ament_install']
[0.397s] Level 1:colcon.colcon_core.package_identification:_identify(motor_encoder_library/build/CMakeFiles/3.22.1/CompilerIdC/tmp) by extension 'ignore'
[0.397s] Level 1:colcon.colcon_core.package_identification:_identify(motor_encoder_library/build/CMakeFiles/3.22.1/CompilerIdC/tmp) by extension 'ignore_ament_install'
[0.398s] Level 1:colcon.colcon_core.package_identification:_identify(motor_encoder_library/build/CMakeFiles/3.22.1/CompilerIdC/tmp) by extensions ['colcon_pkg']
[0.398s] Level 1:colcon.colcon_core.package_identification:_identify(motor_encoder_library/build/CMakeFiles/3.22.1/CompilerIdC/tmp) by extension 'colcon_pkg'
[0.398s] Level 1:colcon.colcon_core.package_identification:_identify(motor_encoder_library/build/CMakeFiles/3.22.1/CompilerIdC/tmp) by extensions ['colcon_meta']
[0.398s] Level 1:colcon.colcon_core.package_identification:_identify(motor_encoder_library/build/CMakeFiles/3.22.1/CompilerIdC/tmp) by extension 'colcon_meta'
[0.398s] Level 1:colcon.colcon_core.package_identification:_identify(motor_encoder_library/build/CMakeFiles/3.22.1/CompilerIdC/tmp) by extensions ['ros']
[0.398s] Level 1:colcon.colcon_core.package_identification:_identify(motor_encoder_library/build/CMakeFiles/3.22.1/CompilerIdC/tmp) by extension 'ros'
[0.398s] Level 1:colcon.colcon_core.package_identification:_identify(motor_encoder_library/build/CMakeFiles/3.22.1/CompilerIdC/tmp) by extensions ['cmake', 'python']
[0.398s] Level 1:colcon.colcon_core.package_identification:_identify(motor_encoder_library/build/CMakeFiles/3.22.1/CompilerIdC/tmp) by extension 'cmake'
[0.398s] Level 1:colcon.colcon_core.package_identification:_identify(motor_encoder_library/build/CMakeFiles/3.22.1/CompilerIdC/tmp) by extension 'python'
[0.398s] Level 1:colcon.colcon_core.package_identification:_identify(motor_encoder_library/build/CMakeFiles/3.22.1/CompilerIdC/tmp) by extensions ['python_setup_py']
[0.398s] Level 1:colcon.colcon_core.package_identification:_identify(motor_encoder_library/build/CMakeFiles/3.22.1/CompilerIdC/tmp) by extension 'python_setup_py'
[0.398s] Level 1:colcon.colcon_core.package_identification:_identify(motor_encoder_library/build/CMakeFiles/3.22.1/CompilerIdCXX) by extensions ['ignore', 'ignore_ament_install']
[0.398s] Level 1:colcon.colcon_core.package_identification:_identify(motor_encoder_library/build/CMakeFiles/3.22.1/CompilerIdCXX) by extension 'ignore'
[0.398s] Level 1:colcon.colcon_core.package_identification:_identify(motor_encoder_library/build/CMakeFiles/3.22.1/CompilerIdCXX) by extension 'ignore_ament_install'
[0.399s] Level 1:colcon.colcon_core.package_identification:_identify(motor_encoder_library/build/CMakeFiles/3.22.1/CompilerIdCXX) by extensions ['colcon_pkg']
[0.399s] Level 1:colcon.colcon_core.package_identification:_identify(motor_encoder_library/build/CMakeFiles/3.22.1/CompilerIdCXX) by extension 'colcon_pkg'
[0.399s] Level 1:colcon.colcon_core.package_identification:_identify(motor_encoder_library/build/CMakeFiles/3.22.1/CompilerIdCXX) by extensions ['colcon_meta']
[0.399s] Level 1:colcon.colcon_core.package_identification:_identify(motor_encoder_library/build/CMakeFiles/3.22.1/CompilerIdCXX) by extension 'colcon_meta'
[0.399s] Level 1:colcon.colcon_core.package_identification:_identify(motor_encoder_library/build/CMakeFiles/3.22.1/CompilerIdCXX) by extensions ['ros']
[0.399s] Level 1:colcon.colcon_core.package_identification:_identify(motor_encoder_library/build/CMakeFiles/3.22.1/CompilerIdCXX) by extension 'ros'
[0.399s] Level 1:colcon.colcon_core.package_identification:_identify(motor_encoder_library/build/CMakeFiles/3.22.1/CompilerIdCXX) by extensions ['cmake', 'python']
[0.399s] Level 1:colcon.colcon_core.package_identification:_identify(motor_encoder_library/build/CMakeFiles/3.22.1/CompilerIdCXX) by extension 'cmake'
[0.399s] Level 1:colcon.colcon_core.package_identification:_identify(motor_encoder_library/build/CMakeFiles/3.22.1/CompilerIdCXX) by extension 'python'
[0.399s] Level 1:colcon.colcon_core.package_identification:_identify(motor_encoder_library/build/CMakeFiles/3.22.1/CompilerIdCXX) by extensions ['python_setup_py']
[0.399s] Level 1:colcon.colcon_core.package_identification:_identify(motor_encoder_library/build/CMakeFiles/3.22.1/CompilerIdCXX) by extension 'python_setup_py'
[0.399s] Level 1:colcon.colcon_core.package_identification:_identify(motor_encoder_library/build/CMakeFiles/3.22.1/CompilerIdCXX/tmp) by extensions ['ignore', 'ignore_ament_install']
[0.399s] Level 1:colcon.colcon_core.package_identification:_identify(motor_encoder_library/build/CMakeFiles/3.22.1/CompilerIdCXX/tmp) by extension 'ignore'
[0.399s] Level 1:colcon.colcon_core.package_identification:_identify(motor_encoder_library/build/CMakeFiles/3.22.1/CompilerIdCXX/tmp) by extension 'ignore_ament_install'
[0.399s] Level 1:colcon.colcon_core.package_identification:_identify(motor_encoder_library/build/CMakeFiles/3.22.1/CompilerIdCXX/tmp) by extensions ['colcon_pkg']
[0.399s] Level 1:colcon.colcon_core.package_identification:_identify(motor_encoder_library/build/CMakeFiles/3.22.1/CompilerIdCXX/tmp) by extension 'colcon_pkg'
[0.399s] Level 1:colcon.colcon_core.package_identification:_identify(motor_encoder_library/build/CMakeFiles/3.22.1/CompilerIdCXX/tmp) by extensions ['colcon_meta']
[0.400s] Level 1:colcon.colcon_core.package_identification:_identify(motor_encoder_library/build/CMakeFiles/3.22.1/CompilerIdCXX/tmp) by extension 'colcon_meta'
[0.400s] Level 1:colcon.colcon_core.package_identification:_identify(motor_encoder_library/build/CMakeFiles/3.22.1/CompilerIdCXX/tmp) by extensions ['ros']
[0.400s] Level 1:colcon.colcon_core.package_identification:_identify(motor_encoder_library/build/CMakeFiles/3.22.1/CompilerIdCXX/tmp) by extension 'ros'
[0.400s] Level 1:colcon.colcon_core.package_identification:_identify(motor_encoder_library/build/CMakeFiles/3.22.1/CompilerIdCXX/tmp) by extensions ['cmake', 'python']
[0.400s] Level 1:colcon.colcon_core.package_identification:_identify(motor_encoder_library/build/CMakeFiles/3.22.1/CompilerIdCXX/tmp) by extension 'cmake'
[0.400s] Level 1:colcon.colcon_core.package_identification:_identify(motor_encoder_library/build/CMakeFiles/3.22.1/CompilerIdCXX/tmp) by extension 'python'
[0.400s] Level 1:colcon.colcon_core.package_identification:_identify(motor_encoder_library/build/CMakeFiles/3.22.1/CompilerIdCXX/tmp) by extensions ['python_setup_py']
[0.400s] Level 1:colcon.colcon_core.package_identification:_identify(motor_encoder_library/build/CMakeFiles/3.22.1/CompilerIdCXX/tmp) by extension 'python_setup_py'
[0.400s] Level 1:colcon.colcon_core.package_identification:_identify(motor_encoder_library/build/CMakeFiles/CMakeTmp) by extensions ['ignore', 'ignore_ament_install']
[0.400s] Level 1:colcon.colcon_core.package_identification:_identify(motor_encoder_library/build/CMakeFiles/CMakeTmp) by extension 'ignore'
[0.400s] Level 1:colcon.colcon_core.package_identification:_identify(motor_encoder_library/build/CMakeFiles/CMakeTmp) by extension 'ignore_ament_install'
[0.400s] Level 1:colcon.colcon_core.package_identification:_identify(motor_encoder_library/build/CMakeFiles/CMakeTmp) by extensions ['colcon_pkg']
[0.400s] Level 1:colcon.colcon_core.package_identification:_identify(motor_encoder_library/build/CMakeFiles/CMakeTmp) by extension 'colcon_pkg'
[0.400s] Level 1:colcon.colcon_core.package_identification:_identify(motor_encoder_library/build/CMakeFiles/CMakeTmp) by extensions ['colcon_meta']
[0.400s] Level 1:colcon.colcon_core.package_identification:_identify(motor_encoder_library/build/CMakeFiles/CMakeTmp) by extension 'colcon_meta'
[0.400s] Level 1:colcon.colcon_core.package_identification:_identify(motor_encoder_library/build/CMakeFiles/CMakeTmp) by extensions ['ros']
[0.400s] Level 1:colcon.colcon_core.package_identification:_identify(motor_encoder_library/build/CMakeFiles/CMakeTmp) by extension 'ros'
[0.401s] Level 1:colcon.colcon_core.package_identification:_identify(motor_encoder_library/build/CMakeFiles/CMakeTmp) by extensions ['cmake', 'python']
[0.401s] Level 1:colcon.colcon_core.package_identification:_identify(motor_encoder_library/build/CMakeFiles/CMakeTmp) by extension 'cmake'
[0.401s] Level 1:colcon.colcon_core.package_identification:_identify(motor_encoder_library/build/CMakeFiles/CMakeTmp) by extension 'python'
[0.401s] Level 1:colcon.colcon_core.package_identification:_identify(motor_encoder_library/build/CMakeFiles/CMakeTmp) by extensions ['python_setup_py']
[0.401s] Level 1:colcon.colcon_core.package_identification:_identify(motor_encoder_library/build/CMakeFiles/CMakeTmp) by extension 'python_setup_py'
[0.401s] Level 1:colcon.colcon_core.package_identification:_identify(src) by extensions ['ignore', 'ignore_ament_install']
[0.401s] Level 1:colcon.colcon_core.package_identification:_identify(src) by extension 'ignore'
[0.401s] Level 1:colcon.colcon_core.package_identification:_identify(src) by extension 'ignore_ament_install'
[0.401s] Level 1:colcon.colcon_core.package_identification:_identify(src) by extensions ['colcon_pkg']
[0.401s] Level 1:colcon.colcon_core.package_identification:_identify(src) by extension 'colcon_pkg'
[0.401s] Level 1:colcon.colcon_core.package_identification:_identify(src) by extensions ['colcon_meta']
[0.401s] Level 1:colcon.colcon_core.package_identification:_identify(src) by extension 'colcon_meta'
[0.401s] Level 1:colcon.colcon_core.package_identification:_identify(src) by extensions ['ros']
[0.401s] Level 1:colcon.colcon_core.package_identification:_identify(src) by extension 'ros'
[0.404s] DEBUG:colcon.colcon_core.package_identification:Package 'src' with type 'ros.ament_cmake' and name 'bob'
[0.404s] Level 1:colcon.colcon_core.package_discovery:discover_packages(recursive) using defaults
[0.404s] Level 1:colcon.colcon_core.package_discovery:discover_packages(ignore) discover
[0.404s] Level 1:colcon.colcon_core.package_discovery:discover_packages(ignore) using defaults
[0.404s] Level 1:colcon.colcon_core.package_discovery:discover_packages(path) discover
[0.404s] Level 1:colcon.colcon_core.package_discovery:discover_packages(path) using defaults
[0.430s] Level 1:colcon.colcon_core.package_discovery:discover_packages(prefix_path) check parameters
[0.430s] Level 1:colcon.colcon_core.package_discovery:discover_packages(prefix_path) discover
[0.432s] DEBUG:colcon.colcon_installed_package_information.package_discovery:Found 1 installed packages in /home/jkan67/jkan67/b.ob/src/bob/install
[0.434s] DEBUG:colcon.colcon_installed_package_information.package_discovery:Found 293 installed packages in /opt/ros/humble
[0.447s] Level 1:colcon.colcon_core.package_discovery:discover_packages(prefix_path) using defaults
[0.517s] Level 5:colcon.colcon_core.verb:set package 'bob' build argument 'cmake_args' from command line to 'None'
[0.517s] Level 5:colcon.colcon_core.verb:set package 'bob' build argument 'cmake_target' from command line to 'None'
[0.517s] Level 5:colcon.colcon_core.verb:set package 'bob' build argument 'cmake_target_skip_unavailable' from command line to 'False'
[0.517s] Level 5:colcon.colcon_core.verb:set package 'bob' build argument 'cmake_clean_cache' from command line to 'False'
[0.517s] Level 5:colcon.colcon_core.verb:set package 'bob' build argument 'cmake_clean_first' from command line to 'False'
[0.517s] Level 5:colcon.colcon_core.verb:set package 'bob' build argument 'cmake_force_configure' from command line to 'False'
[0.517s] Level 5:colcon.colcon_core.verb:set package 'bob' build argument 'ament_cmake_args' from command line to 'None'
[0.517s] Level 5:colcon.colcon_core.verb:set package 'bob' build argument 'catkin_cmake_args' from command line to 'None'
[0.517s] Level 5:colcon.colcon_core.verb:set package 'bob' build argument 'catkin_skip_building_tests' from command line to 'False'
[0.517s] DEBUG:colcon.colcon_core.verb:Building package 'bob' with the following arguments: {'ament_cmake_args': None, 'build_base': '/home/jkan67/jkan67/b.ob/src/bob/build/bob', 'catkin_cmake_args': None, 'catkin_skip_building_tests': False, 'cmake_args': None, 'cmake_clean_cache': False, 'cmake_clean_first': False, 'cmake_force_configure': False, 'cmake_target': None, 'cmake_target_skip_unavailable': False, 'install_base': '/home/jkan67/jkan67/b.ob/src/bob/install/bob', 'merge_install': False, 'path': '/home/jkan67/jkan67/b.ob/src/bob/src', 'symlink_install': True, 'test_result_base': None}
[0.518s] INFO:colcon.colcon_core.executor:Executing jobs using 'parallel' executor
[0.519s] DEBUG:colcon.colcon_parallel_executor.executor.parallel:run_until_complete
[0.519s] INFO:colcon.colcon_ros.task.ament_cmake.build:Building ROS package in '/home/jkan67/jkan67/b.ob/src/bob/src' with build type 'ament_cmake'
[0.519s] INFO:colcon.colcon_cmake.task.cmake.build:Building CMake package in '/home/jkan67/jkan67/b.ob/src/bob/src'
[0.523s] INFO:colcon.colcon_core.plugin_system:Skipping extension 'colcon_core.shell.bat': Not used on non-Windows systems
[0.523s] INFO:colcon.colcon_core.shell:Skip shell extension 'powershell' for command environment: Not usable outside of PowerShell
[0.523s] DEBUG:colcon.colcon_core.shell:Skip shell extension 'dsv' for command environment
[0.537s] DEBUG:colcon.colcon_core.event_handler.log_command:Invoking command in '/home/jkan67/jkan67/b.ob/src/bob/build/bob': CMAKE_PREFIX_PATH=${CMAKE_PREFIX_PATH}:/opt/ros/humble /usr/bin/cmake --build /home/jkan67/jkan67/b.ob/src/bob/build/bob -- -j8 -l8
[0.601s] DEBUG:colcon.colcon_core.event_handler.log_command:Invoked command in '/home/jkan67/jkan67/b.ob/src/bob/build/bob' returned '0': CMAKE_PREFIX_PATH=${CMAKE_PREFIX_PATH}:/opt/ros/humble /usr/bin/cmake --build /home/jkan67/jkan67/b.ob/src/bob/build/bob -- -j8 -l8
[0.645s] DEBUG:colcon.colcon_core.event_handler.log_command:Invoking command in '/home/jkan67/jkan67/b.ob/src/bob/build/bob': CMAKE_PREFIX_PATH=${CMAKE_PREFIX_PATH}:/opt/ros/humble /usr/bin/cmake --install /home/jkan67/jkan67/b.ob/src/bob/build/bob
[0.681s] Level 1:colcon.colcon_core.environment:create_environment_scripts_only(bob)
[0.682s] DEBUG:colcon.colcon_core.event_handler.log_command:Invoked command in '/home/jkan67/jkan67/b.ob/src/bob/build/bob' returned '0': CMAKE_PREFIX_PATH=${CMAKE_PREFIX_PATH}:/opt/ros/humble /usr/bin/cmake --install /home/jkan67/jkan67/b.ob/src/bob/build/bob
[0.686s] Level 1:colcon.colcon_core.environment:checking '/home/jkan67/jkan67/b.ob/src/bob/install/bob' for CMake module files
[0.687s] Level 1:colcon.colcon_core.environment:checking '/home/jkan67/jkan67/b.ob/src/bob/install/bob' for CMake config files
[0.687s] Level 1:colcon.colcon_core.shell:create_environment_hook('bob', 'cmake_prefix_path')
[0.687s] INFO:colcon.colcon_core.shell:Creating environment hook '/home/jkan67/jkan67/b.ob/src/bob/install/bob/share/bob/hook/cmake_prefix_path.ps1'
[0.688s] INFO:colcon.colcon_core.shell:Creating environment descriptor '/home/jkan67/jkan67/b.ob/src/bob/install/bob/share/bob/hook/cmake_prefix_path.dsv'
[0.689s] INFO:colcon.colcon_core.shell:Creating environment hook '/home/jkan67/jkan67/b.ob/src/bob/install/bob/share/bob/hook/cmake_prefix_path.sh'
[0.690s] Level 1:colcon.colcon_core.environment:checking '/home/jkan67/jkan67/b.ob/src/bob/install/bob/bin'
[0.690s] Level 1:colcon.colcon_core.environment:checking '/home/jkan67/jkan67/b.ob/src/bob/install/bob/lib/pkgconfig/bob.pc'
[0.690s] Level 1:colcon.colcon_core.environment:checking '/home/jkan67/jkan67/b.ob/src/bob/install/bob/lib/python3.10/site-packages'
[0.691s] Level 1:colcon.colcon_core.environment:checking '/home/jkan67/jkan67/b.ob/src/bob/install/bob/bin'
[0.691s] INFO:colcon.colcon_core.shell:Creating package script '/home/jkan67/jkan67/b.ob/src/bob/install/bob/share/bob/package.ps1'
[0.692s] INFO:colcon.colcon_core.shell:Creating package descriptor '/home/jkan67/jkan67/b.ob/src/bob/install/bob/share/bob/package.dsv'
[0.693s] INFO:colcon.colcon_core.shell:Creating package script '/home/jkan67/jkan67/b.ob/src/bob/install/bob/share/bob/package.sh'
[0.694s] INFO:colcon.colcon_core.shell:Creating package script '/home/jkan67/jkan67/b.ob/src/bob/install/bob/share/bob/package.bash'
[0.695s] INFO:colcon.colcon_core.shell:Creating package script '/home/jkan67/jkan67/b.ob/src/bob/install/bob/share/bob/package.zsh'
[0.695s] Level 1:colcon.colcon_core.environment:create_file_with_runtime_dependencies(/home/jkan67/jkan67/b.ob/src/bob/install/bob/share/colcon-core/packages/bob)
[0.722s] Level 1:colcon.colcon_core.environment:create_environment_scripts_only(bob)
[0.722s] Level 1:colcon.colcon_core.environment:checking '/home/jkan67/jkan67/b.ob/src/bob/install/bob' for CMake module files
[0.723s] Level 1:colcon.colcon_core.environment:checking '/home/jkan67/jkan67/b.ob/src/bob/install/bob' for CMake config files
[0.723s] Level 1:colcon.colcon_core.shell:create_environment_hook('bob', 'cmake_prefix_path')
[0.723s] INFO:colcon.colcon_core.shell:Creating environment hook '/home/jkan67/jkan67/b.ob/src/bob/install/bob/share/bob/hook/cmake_prefix_path.ps1'
[0.724s] INFO:colcon.colcon_core.shell:Creating environment descriptor '/home/jkan67/jkan67/b.ob/src/bob/install/bob/share/bob/hook/cmake_prefix_path.dsv'
[0.724s] INFO:colcon.colcon_core.shell:Creating environment hook '/home/jkan67/jkan67/b.ob/src/bob/install/bob/share/bob/hook/cmake_prefix_path.sh'
[0.725s] Level 1:colcon.colcon_core.environment:checking '/home/jkan67/jkan67/b.ob/src/bob/install/bob/bin'
[0.725s] Level 1:colcon.colcon_core.environment:checking '/home/jkan67/jkan67/b.ob/src/bob/install/bob/lib/pkgconfig/bob.pc'
[0.725s] Level 1:colcon.colcon_core.environment:checking '/home/jkan67/jkan67/b.ob/src/bob/install/bob/lib/python3.10/site-packages'
[0.726s] Level 1:colcon.colcon_core.environment:checking '/home/jkan67/jkan67/b.ob/src/bob/install/bob/bin'
[0.726s] INFO:colcon.colcon_core.shell:Creating package script '/home/jkan67/jkan67/b.ob/src/bob/install/bob/share/bob/package.ps1'
[0.727s] INFO:colcon.colcon_core.shell:Creating package descriptor '/home/jkan67/jkan67/b.ob/src/bob/install/bob/share/bob/package.dsv'
[0.728s] INFO:colcon.colcon_core.shell:Creating package script '/home/jkan67/jkan67/b.ob/src/bob/install/bob/share/bob/package.sh'
[0.728s] INFO:colcon.colcon_core.shell:Creating package script '/home/jkan67/jkan67/b.ob/src/bob/install/bob/share/bob/package.bash'
[0.729s] INFO:colcon.colcon_core.shell:Creating package script '/home/jkan67/jkan67/b.ob/src/bob/install/bob/share/bob/package.zsh'
[0.729s] Level 1:colcon.colcon_core.environment:create_file_with_runtime_dependencies(/home/jkan67/jkan67/b.ob/src/bob/install/bob/share/colcon-core/packages/bob)
[0.730s] DEBUG:colcon.colcon_parallel_executor.executor.parallel:closing loop
[0.730s] DEBUG:colcon.colcon_parallel_executor.executor.parallel:loop closed
[0.731s] DEBUG:colcon.colcon_parallel_executor.executor.parallel:run_until_complete finished with '0'
[0.731s] DEBUG:colcon.colcon_core.event_reactor:joining thread
[0.743s] INFO:colcon.colcon_core.plugin_system:Skipping extension 'colcon_notification.desktop_notification.terminal_notifier': Not used on non-Darwin systems
[0.743s] INFO:colcon.colcon_core.plugin_system:Skipping extension 'colcon_notification.desktop_notification.win32': Not used on non-Windows systems
[0.743s] INFO:colcon.colcon_notification.desktop_notification:Sending desktop notification using 'notify2'
[0.760s] DEBUG:colcon.colcon_core.event_reactor:joined thread
[0.761s] INFO:colcon.colcon_core.shell:Creating prefix script '/home/jkan67/jkan67/b.ob/src/bob/install/local_setup.ps1'
[0.762s] INFO:colcon.colcon_core.shell:Creating prefix util module '/home/jkan67/jkan67/b.ob/src/bob/install/_local_setup_util_ps1.py'
[0.765s] INFO:colcon.colcon_core.shell:Creating prefix chain script '/home/jkan67/jkan67/b.ob/src/bob/install/setup.ps1'
[0.767s] INFO:colcon.colcon_core.shell:Creating prefix script '/home/jkan67/jkan67/b.ob/src/bob/install/local_setup.sh'
[0.768s] INFO:colcon.colcon_core.shell:Creating prefix util module '/home/jkan67/jkan67/b.ob/src/bob/install/_local_setup_util_sh.py'
[0.769s] INFO:colcon.colcon_core.shell:Creating prefix chain script '/home/jkan67/jkan67/b.ob/src/bob/install/setup.sh'
[0.770s] INFO:colcon.colcon_core.shell:Creating prefix script '/home/jkan67/jkan67/b.ob/src/bob/install/local_setup.bash'
[0.771s] INFO:colcon.colcon_core.shell:Creating prefix chain script '/home/jkan67/jkan67/b.ob/src/bob/install/setup.bash'
[0.774s] INFO:colcon.colcon_core.shell:Creating prefix script '/home/jkan67/jkan67/b.ob/src/bob/install/local_setup.zsh'
[0.775s] INFO:colcon.colcon_core.shell:Creating prefix chain script '/home/jkan67/jkan67/b.ob/src/bob/install/setup.zsh'
