[0.037s] Invoking command in '/home/jkan67/jkan67/b.ob/src/bob/build/bob': CMAKE_PREFIX_PATH=/opt/ros/humble /usr/bin/cmake /home/jkan67/jkan67/b.ob/src/bob/src -DAMENT_CMAKE_SYMLINK_INSTALL=1 -DCMAKE_INSTALL_PREFIX=/home/jkan67/jkan67/b.ob/src/bob/install/bob
[0.166s] -- The C compiler identification is GNU 11.4.0
[0.251s] -- The CXX compiler identification is GNU 11.4.0
[0.261s] -- Detecting C compiler ABI info
[0.349s] -- Detecting C compiler ABI info - done
[0.358s] -- Check for working C compiler: /usr/bin/cc - skipped
[0.358s] -- Detecting C compile features
[0.359s] -- Detecting C compile features - done
[0.363s] -- Detecting CXX compiler ABI info
[0.464s] -- Detecting CXX compiler ABI info - done
[0.472s] -- Check for working CXX compiler: /usr/bin/c++ - skipped
[0.473s] -- Detecting CXX compile features
[0.473s] -- Detecting CXX compile features - done
[0.479s] -- Found ament_cmake: 1.3.8 (/opt/ros/humble/share/ament_cmake/cmake)
[0.656s] -- Found Python3: /usr/bin/python3 (found version "3.10.12") found components: Interpreter 
[0.733s] -- Override CMake install command with custom implementation using symlinks instead of copying resources
[0.771s] -- Found ament_lint_auto: 0.12.10 (/opt/ros/humble/share/ament_lint_auto/cmake)
[0.885s] -- Added test 'copyright' to check source files copyright and LICENSE
[0.891s] -- Added test 'flake8' to check Python code syntax and style conventions
[0.892s] -- Added test 'lint_cmake' to check CMake code style
[0.894s] -- Added test 'pep257' to check Python code against some of the docstring style conventions in PEP 257
[0.897s] -- Added test 'xmllint' to check XML markup files
[0.900s] -- Configuring done
[0.905s] -- Generating done
[0.906s] -- Build files have been written to: /home/jkan67/jkan67/b.ob/src/bob/build/bob
[0.914s] Invoked command in '/home/jkan67/jkan67/b.ob/src/bob/build/bob' returned '0': CMAKE_PREFIX_PATH=/opt/ros/humble /usr/bin/cmake /home/jkan67/jkan67/b.ob/src/bob/src -DAMENT_CMAKE_SYMLINK_INSTALL=1 -DCMAKE_INSTALL_PREFIX=/home/jkan67/jkan67/b.ob/src/bob/install/bob
[0.918s] Invoking command in '/home/jkan67/jkan67/b.ob/src/bob/build/bob': CMAKE_PREFIX_PATH=/opt/ros/humble /usr/bin/cmake --build /home/jkan67/jkan67/b.ob/src/bob/build/bob -- -j8 -l8
[0.967s] Invoked command in '/home/jkan67/jkan67/b.ob/src/bob/build/bob' returned '0': CMAKE_PREFIX_PATH=/opt/ros/humble /usr/bin/cmake --build /home/jkan67/jkan67/b.ob/src/bob/build/bob -- -j8 -l8
[1.007s] Invoking command in '/home/jkan67/jkan67/b.ob/src/bob/build/bob': CMAKE_PREFIX_PATH=/opt/ros/humble /usr/bin/cmake --install /home/jkan67/jkan67/b.ob/src/bob/build/bob
[1.019s] -- Install configuration: ""
[1.020s] -- Execute custom install script
[1.020s] -- Symlinking: /home/jkan67/jkan67/b.ob/src/bob/install/bob/share/bob/config/drive_bot.rviz
[1.032s] -- Symlinking: /home/jkan67/jkan67/b.ob/src/bob/install/bob/share/bob/config/empty.yaml
[1.044s] -- Symlinking: /home/jkan67/jkan67/b.ob/src/bob/install/bob/share/bob/config/view_bot.rviz
[1.057s] -- Symlinking: /home/jkan67/jkan67/b.ob/src/bob/install/bob/share/bob/description/accelerometer.xacro
[1.068s] -- Symlinking: /home/jkan67/jkan67/b.ob/src/bob/install/bob/share/bob/description/camera.xacro
[1.079s] -- Symlinking: /home/jkan67/jkan67/b.ob/src/bob/install/bob/share/bob/description/lidar.xacro
[1.090s] -- Symlinking: /home/jkan67/jkan67/b.ob/src/bob/install/bob/share/bob/description/robot.gazebo
[1.100s] -- Symlinking: /home/jkan67/jkan67/b.ob/src/bob/install/bob/share/bob/description/robot.urdf.xacro
[1.113s] -- Symlinking: /home/jkan67/jkan67/b.ob/src/bob/install/bob/share/bob/description/robot_core.xacro
[1.126s] -- Symlinking: /home/jkan67/jkan67/b.ob/src/bob/install/bob/share/bob/launch/camera.launch.py
[1.139s] -- Symlinking: /home/jkan67/jkan67/b.ob/src/bob/install/bob/share/bob/launch/launch_sim.launch.py
[1.151s] -- Symlinking: /home/jkan67/jkan67/b.ob/src/bob/install/bob/share/bob/launch/rplidar.launch.py
[1.162s] -- Symlinking: /home/jkan67/jkan67/b.ob/src/bob/install/bob/share/bob/launch/rsp.launch.py
[1.174s] -- Symlinking: /home/jkan67/jkan67/b.ob/src/bob/install/bob/share/bob/worlds/empty.world
[1.185s] -- Symlinking: /home/jkan67/jkan67/b.ob/src/bob/install/bob/share/bob/worlds/obstacles.world
[1.196s] -- Symlinking: /home/jkan67/jkan67/b.ob/src/bob/install/bob/share/ament_index/resource_index/package_run_dependencies/bob
[1.208s] -- Symlinking: /home/jkan67/jkan67/b.ob/src/bob/install/bob/share/ament_index/resource_index/parent_prefix_path/bob
[1.223s] -- Symlinking: /home/jkan67/jkan67/b.ob/src/bob/install/bob/share/bob/environment/ament_prefix_path.sh
[1.235s] -- Symlinking: /home/jkan67/jkan67/b.ob/src/bob/install/bob/share/bob/environment/ament_prefix_path.dsv
[1.247s] -- Symlinking: /home/jkan67/jkan67/b.ob/src/bob/install/bob/share/bob/environment/path.sh
[1.259s] -- Symlinking: /home/jkan67/jkan67/b.ob/src/bob/install/bob/share/bob/environment/path.dsv
[1.270s] -- Symlinking: /home/jkan67/jkan67/b.ob/src/bob/install/bob/share/bob/local_setup.bash
[1.282s] -- Symlinking: /home/jkan67/jkan67/b.ob/src/bob/install/bob/share/bob/local_setup.sh
[1.293s] -- Symlinking: /home/jkan67/jkan67/b.ob/src/bob/install/bob/share/bob/local_setup.zsh
[1.305s] -- Symlinking: /home/jkan67/jkan67/b.ob/src/bob/install/bob/share/bob/local_setup.dsv
[1.319s] -- Symlinking: /home/jkan67/jkan67/b.ob/src/bob/install/bob/share/bob/package.dsv
[1.331s] -- Symlinking: /home/jkan67/jkan67/b.ob/src/bob/install/bob/share/ament_index/resource_index/packages/bob
[1.343s] -- Symlinking: /home/jkan67/jkan67/b.ob/src/bob/install/bob/share/bob/cmake/bobConfig.cmake
[1.355s] -- Symlinking: /home/jkan67/jkan67/b.ob/src/bob/install/bob/share/bob/cmake/bobConfig-version.cmake
[1.367s] -- Symlinking: /home/jkan67/jkan67/b.ob/src/bob/install/bob/share/bob/package.xml
[1.381s] Invoked command in '/home/jkan67/jkan67/b.ob/src/bob/build/bob' returned '0': CMAKE_PREFIX_PATH=/opt/ros/humble /usr/bin/cmake --install /home/jkan67/jkan67/b.ob/src/bob/build/bob
