[0.010s] Invoking command in '/home/jkan67/jkan67/b.ob/src/bob/build/bob': CMAKE_PREFIX_PATH=${CMAKE_PREFIX_PATH}:/opt/ros/humble /usr/bin/cmake /home/jkan67/jkan67/b.ob/src/bob/src -DAMENT_CMAKE_SYMLINK_INSTALL=1 -DCMAKE_INSTALL_PREFIX=/home/jkan67/jkan67/b.ob/src/bob/install/bob
[0.070s] -- The C compiler identification is GNU 11.4.0
[0.130s] -- The CXX compiler identification is GNU 11.4.0
[0.138s] -- Detecting C compiler ABI info
[0.213s] -- Detecting C compiler ABI info - done
[0.221s] -- Check for working C compiler: /usr/bin/cc - skipped
[0.221s] -- Detecting C compile features
[0.222s] -- Detecting C compile features - done
[0.225s] -- Detecting CXX compiler ABI info
[0.309s] -- Detecting CXX compiler ABI info - done
[0.318s] -- Check for working CXX compiler: /usr/bin/c++ - skipped
[0.318s] -- Detecting CXX compile features
[0.318s] -- Detecting CXX compile features - done
[0.321s] -- Found ament_cmake: 1.3.8 (/opt/ros/humble/share/ament_cmake/cmake)
[0.477s] -- Found Python3: /usr/bin/python3 (found version "3.10.12") found components: Interpreter 
[0.542s] -- Override CMake install command with custom implementation using symlinks instead of copying resources
[0.567s] -- Found ament_lint_auto: 0.12.10 (/opt/ros/humble/share/ament_lint_auto/cmake)
[0.652s] -- Added test 'copyright' to check source files copyright and LICENSE
[0.655s] -- Added test 'flake8' to check Python code syntax and style conventions
[0.656s] -- Added test 'lint_cmake' to check CMake code style
[0.657s] -- Added test 'pep257' to check Python code against some of the docstring style conventions in PEP 257
[0.659s] -- Added test 'xmllint' to check XML markup files
[0.660s] -- Configuring done
[0.664s] -- Generating done
[0.665s] -- Build files have been written to: /home/jkan67/jkan67/b.ob/src/bob/build/bob
[0.670s] Invoked command in '/home/jkan67/jkan67/b.ob/src/bob/build/bob' returned '0': CMAKE_PREFIX_PATH=${CMAKE_PREFIX_PATH}:/opt/ros/humble /usr/bin/cmake /home/jkan67/jkan67/b.ob/src/bob/src -DAMENT_CMAKE_SYMLINK_INSTALL=1 -DCMAKE_INSTALL_PREFIX=/home/jkan67/jkan67/b.ob/src/bob/install/bob
[0.672s] Invoking command in '/home/jkan67/jkan67/b.ob/src/bob/build/bob': CMAKE_PREFIX_PATH=${CMAKE_PREFIX_PATH}:/opt/ros/humble /usr/bin/cmake --build /home/jkan67/jkan67/b.ob/src/bob/build/bob -- -j8 -l8
[0.714s] Invoked command in '/home/jkan67/jkan67/b.ob/src/bob/build/bob' returned '0': CMAKE_PREFIX_PATH=${CMAKE_PREFIX_PATH}:/opt/ros/humble /usr/bin/cmake --build /home/jkan67/jkan67/b.ob/src/bob/build/bob -- -j8 -l8
[0.749s] Invoking command in '/home/jkan67/jkan67/b.ob/src/bob/build/bob': CMAKE_PREFIX_PATH=${CMAKE_PREFIX_PATH}:/opt/ros/humble /usr/bin/cmake --install /home/jkan67/jkan67/b.ob/src/bob/build/bob
[0.757s] -- Install configuration: ""
[0.757s] -- Execute custom install script
[0.758s] -- Symlinking: /home/jkan67/jkan67/b.ob/src/bob/install/bob/share/bob/config/drive_bot.rviz
[0.769s] -- Symlinking: /home/jkan67/jkan67/b.ob/src/bob/install/bob/share/bob/config/empty.yaml
[0.779s] -- Symlinking: /home/jkan67/jkan67/b.ob/src/bob/install/bob/share/bob/config/view_bot.rviz
[0.789s] -- Symlinking: /home/jkan67/jkan67/b.ob/src/bob/install/bob/share/bob/description/accelerometer.xacro
[0.799s] -- Symlinking: /home/jkan67/jkan67/b.ob/src/bob/install/bob/share/bob/description/camera.xacro
[0.809s] -- Symlinking: /home/jkan67/jkan67/b.ob/src/bob/install/bob/share/bob/description/lidar.xacro
[0.819s] -- Symlinking: /home/jkan67/jkan67/b.ob/src/bob/install/bob/share/bob/description/robot.gazebo
[0.829s] -- Symlinking: /home/jkan67/jkan67/b.ob/src/bob/install/bob/share/bob/description/robot.urdf.xacro
[0.839s] -- Symlinking: /home/jkan67/jkan67/b.ob/src/bob/install/bob/share/bob/description/robot_core.xacro
[0.849s] -- Symlinking: /home/jkan67/jkan67/b.ob/src/bob/install/bob/share/bob/launch/launch_sim.launch.py
[0.860s] -- Symlinking: /home/jkan67/jkan67/b.ob/src/bob/install/bob/share/bob/launch/rplidar.launch.py
[0.869s] -- Symlinking: /home/jkan67/jkan67/b.ob/src/bob/install/bob/share/bob/launch/rsp.launch.py
[0.879s] -- Symlinking: /home/jkan67/jkan67/b.ob/src/bob/install/bob/share/bob/worlds/empty.world
[0.889s] -- Symlinking: /home/jkan67/jkan67/b.ob/src/bob/install/bob/share/bob/worlds/obstacles.world
[0.899s] -- Symlinking: /home/jkan67/jkan67/b.ob/src/bob/install/bob/share/ament_index/resource_index/package_run_dependencies/bob
[0.909s] -- Symlinking: /home/jkan67/jkan67/b.ob/src/bob/install/bob/share/ament_index/resource_index/parent_prefix_path/bob
[0.919s] -- Symlinking: /home/jkan67/jkan67/b.ob/src/bob/install/bob/share/bob/environment/ament_prefix_path.sh
[0.930s] -- Symlinking: /home/jkan67/jkan67/b.ob/src/bob/install/bob/share/bob/environment/ament_prefix_path.dsv
[0.941s] -- Symlinking: /home/jkan67/jkan67/b.ob/src/bob/install/bob/share/bob/environment/path.sh
[0.951s] -- Symlinking: /home/jkan67/jkan67/b.ob/src/bob/install/bob/share/bob/environment/path.dsv
[0.963s] -- Symlinking: /home/jkan67/jkan67/b.ob/src/bob/install/bob/share/bob/local_setup.bash
[0.973s] -- Symlinking: /home/jkan67/jkan67/b.ob/src/bob/install/bob/share/bob/local_setup.sh
[0.983s] -- Symlinking: /home/jkan67/jkan67/b.ob/src/bob/install/bob/share/bob/local_setup.zsh
[0.992s] -- Symlinking: /home/jkan67/jkan67/b.ob/src/bob/install/bob/share/bob/local_setup.dsv
[1.002s] -- Symlinking: /home/jkan67/jkan67/b.ob/src/bob/install/bob/share/bob/package.dsv
[1.012s] -- Symlinking: /home/jkan67/jkan67/b.ob/src/bob/install/bob/share/ament_index/resource_index/packages/bob
[1.023s] -- Symlinking: /home/jkan67/jkan67/b.ob/src/bob/install/bob/share/bob/cmake/bobConfig.cmake
[1.033s] -- Symlinking: /home/jkan67/jkan67/b.ob/src/bob/install/bob/share/bob/cmake/bobConfig-version.cmake
[1.043s] -- Symlinking: /home/jkan67/jkan67/b.ob/src/bob/install/bob/share/bob/package.xml
[1.055s] Invoked command in '/home/jkan67/jkan67/b.ob/src/bob/build/bob' returned '0': CMAKE_PREFIX_PATH=${CMAKE_PREFIX_PATH}:/opt/ros/humble /usr/bin/cmake --install /home/jkan67/jkan67/b.ob/src/bob/build/bob
