[0.010s] Invoking command in '/home/jkan67/jkan67/b.ob/src/bob/build/bob': CMAKE_PREFIX_PATH=${CMAKE_PREFIX_PATH}:/opt/ros/humble /usr/bin/cmake /home/jkan67/jkan67/b.ob/src/bob/src -DAMENT_CMAKE_SYMLINK_INSTALL=1 -DCMAKE_INSTALL_PREFIX=/home/jkan67/jkan67/b.ob/src/bob/install/bob
[0.068s] -- The C compiler identification is GNU 11.4.0
[0.129s] -- The CXX compiler identification is GNU 11.4.0
[0.137s] -- Detecting C compiler ABI info
[0.211s] -- Detecting C compiler ABI info - done
[0.220s] -- Check for working C compiler: /usr/bin/cc - skipped
[0.220s] -- Detecting C compile features
[0.221s] -- Detecting C compile features - done
[0.224s] -- Detecting CXX compiler ABI info
[0.310s] -- Detecting CXX compiler ABI info - done
[0.319s] -- Check for working CXX compiler: /usr/bin/c++ - skipped
[0.319s] -- Detecting CXX compile features
[0.320s] -- Detecting CXX compile features - done
[0.322s] -- Found ament_cmake: 1.3.8 (/opt/ros/humble/share/ament_cmake/cmake)
[0.475s] -- Found Python3: /usr/bin/python3 (found version "3.10.12") found components: Interpreter 
[0.535s] -- Override CMake install command with custom implementation using symlinks instead of copying resources
[0.559s] -- Found ament_lint_auto: 0.12.10 (/opt/ros/humble/share/ament_lint_auto/cmake)
[0.637s] -- Added test 'copyright' to check source files copyright and LICENSE
[0.640s] -- Added test 'flake8' to check Python code syntax and style conventions
[0.641s] -- Added test 'lint_cmake' to check CMake code style
[0.641s] -- Added test 'pep257' to check Python code against some of the docstring style conventions in PEP 257
[0.643s] -- Added test 'xmllint' to check XML markup files
[0.645s] -- Configuring done
[0.648s] -- Generating done
[0.649s] -- Build files have been written to: /home/jkan67/jkan67/b.ob/src/bob/build/bob
[0.654s] Invoked command in '/home/jkan67/jkan67/b.ob/src/bob/build/bob' returned '0': CMAKE_PREFIX_PATH=${CMAKE_PREFIX_PATH}:/opt/ros/humble /usr/bin/cmake /home/jkan67/jkan67/b.ob/src/bob/src -DAMENT_CMAKE_SYMLINK_INSTALL=1 -DCMAKE_INSTALL_PREFIX=/home/jkan67/jkan67/b.ob/src/bob/install/bob
[0.656s] Invoking command in '/home/jkan67/jkan67/b.ob/src/bob/build/bob': CMAKE_PREFIX_PATH=${CMAKE_PREFIX_PATH}:/opt/ros/humble /usr/bin/cmake --build /home/jkan67/jkan67/b.ob/src/bob/build/bob -- -j8 -l8
[0.696s] Invoked command in '/home/jkan67/jkan67/b.ob/src/bob/build/bob' returned '0': CMAKE_PREFIX_PATH=${CMAKE_PREFIX_PATH}:/opt/ros/humble /usr/bin/cmake --build /home/jkan67/jkan67/b.ob/src/bob/build/bob -- -j8 -l8
[0.730s] Invoking command in '/home/jkan67/jkan67/b.ob/src/bob/build/bob': CMAKE_PREFIX_PATH=${CMAKE_PREFIX_PATH}:/opt/ros/humble /usr/bin/cmake --install /home/jkan67/jkan67/b.ob/src/bob/build/bob
[0.738s] -- Install configuration: ""
[0.738s] -- Execute custom install script
[0.739s] -- Symlinking: /home/jkan67/jkan67/b.ob/src/bob/install/bob/share/bob/config/drive_bot.rviz
[0.748s] -- Symlinking: /home/jkan67/jkan67/b.ob/src/bob/install/bob/share/bob/config/empty.yaml
[0.758s] -- Symlinking: /home/jkan67/jkan67/b.ob/src/bob/install/bob/share/bob/config/view_bot.rviz
[0.767s] -- Symlinking: /home/jkan67/jkan67/b.ob/src/bob/install/bob/share/bob/description/accelerometer.xacro
[0.777s] -- Symlinking: /home/jkan67/jkan67/b.ob/src/bob/install/bob/share/bob/description/camera.xacro
[0.786s] -- Symlinking: /home/jkan67/jkan67/b.ob/src/bob/install/bob/share/bob/description/lidar.xacro
[0.796s] -- Symlinking: /home/jkan67/jkan67/b.ob/src/bob/install/bob/share/bob/description/robot.gazebo
[0.805s] -- Symlinking: /home/jkan67/jkan67/b.ob/src/bob/install/bob/share/bob/description/robot.urdf.xacro
[0.815s] -- Symlinking: /home/jkan67/jkan67/b.ob/src/bob/install/bob/share/bob/description/robot_core.xacro
[0.825s] -- Symlinking: /home/jkan67/jkan67/b.ob/src/bob/install/bob/share/bob/launch/launch_sim.launch.py
[0.834s] -- Symlinking: /home/jkan67/jkan67/b.ob/src/bob/install/bob/share/bob/launch/rsp.launch.py
[0.844s] -- Symlinking: /home/jkan67/jkan67/b.ob/src/bob/install/bob/share/bob/worlds/empty.world
[0.854s] -- Symlinking: /home/jkan67/jkan67/b.ob/src/bob/install/bob/share/bob/worlds/obstacles.world
[0.863s] -- Symlinking: /home/jkan67/jkan67/b.ob/src/bob/install/bob/share/ament_index/resource_index/package_run_dependencies/bob
[0.873s] -- Symlinking: /home/jkan67/jkan67/b.ob/src/bob/install/bob/share/ament_index/resource_index/parent_prefix_path/bob
[0.883s] -- Symlinking: /home/jkan67/jkan67/b.ob/src/bob/install/bob/share/bob/environment/ament_prefix_path.sh
[0.892s] -- Symlinking: /home/jkan67/jkan67/b.ob/src/bob/install/bob/share/bob/environment/ament_prefix_path.dsv
[0.902s] -- Symlinking: /home/jkan67/jkan67/b.ob/src/bob/install/bob/share/bob/environment/path.sh
[0.911s] -- Symlinking: /home/jkan67/jkan67/b.ob/src/bob/install/bob/share/bob/environment/path.dsv
[0.921s] -- Symlinking: /home/jkan67/jkan67/b.ob/src/bob/install/bob/share/bob/local_setup.bash
[0.931s] -- Symlinking: /home/jkan67/jkan67/b.ob/src/bob/install/bob/share/bob/local_setup.sh
[0.941s] -- Symlinking: /home/jkan67/jkan67/b.ob/src/bob/install/bob/share/bob/local_setup.zsh
[0.950s] -- Symlinking: /home/jkan67/jkan67/b.ob/src/bob/install/bob/share/bob/local_setup.dsv
[0.960s] -- Symlinking: /home/jkan67/jkan67/b.ob/src/bob/install/bob/share/bob/package.dsv
[0.970s] -- Symlinking: /home/jkan67/jkan67/b.ob/src/bob/install/bob/share/ament_index/resource_index/packages/bob
[0.979s] -- Symlinking: /home/jkan67/jkan67/b.ob/src/bob/install/bob/share/bob/cmake/bobConfig.cmake
[0.989s] -- Symlinking: /home/jkan67/jkan67/b.ob/src/bob/install/bob/share/bob/cmake/bobConfig-version.cmake
[0.999s] -- Symlinking: /home/jkan67/jkan67/b.ob/src/bob/install/bob/share/bob/package.xml
[1.010s] Invoked command in '/home/jkan67/jkan67/b.ob/src/bob/build/bob' returned '0': CMAKE_PREFIX_PATH=${CMAKE_PREFIX_PATH}:/opt/ros/humble /usr/bin/cmake --install /home/jkan67/jkan67/b.ob/src/bob/build/bob
