[0.144s] DEBUG:colcon:Command line arguments: ['/usr/bin/colcon', 'build', '--symlink-install']
[0.145s] DEBUG:colcon:Parsed command line arguments: Namespace(log_base=None, log_level=None, verb_name='build', build_base='build', install_base='install', merge_install=False, symlink_install=True, test_result_base=None, continue_on_error=False, executor='parallel', parallel_workers=8, event_handlers=None, ignore_user_meta=False, metas=['./colcon.meta'], base_paths=['.'], packages_ignore=None, packages_ignore_regex=None, paths=None, packages_up_to=None, packages_up_to_regex=None, packages_above=None, packages_above_and_dependencies=None, packages_above_depth=None, packages_select_by_dep=None, packages_skip_by_dep=None, packages_skip_up_to=None, packages_select_build_failed=False, packages_skip_build_finished=False, packages_select_test_failures=False, packages_skip_test_passed=False, packages_select=None, packages_skip=None, packages_select_regex=None, packages_skip_regex=None, packages_start=None, packages_end=None, allow_overriding=[], cmake_args=None, cmake_target=None, cmake_target_skip_unavailable=False, cmake_clean_cache=False, cmake_clean_first=False, cmake_force_configure=False, ament_cmake_args=None, catkin_cmake_args=None, catkin_skip_building_tests=False, verb_parser=<colcon_defaults.argument_parser.defaults.DefaultArgumentsDecorator object at 0x771241713cd0>, verb_extension=<colcon_core.verb.build.BuildVerb object at 0x7712417136d0>, main=<bound method BuildVerb.main of <colcon_core.verb.build.BuildVerb object at 0x7712417136d0>>)
[0.391s] Level 1:colcon.colcon_core.package_discovery:discover_packages(colcon_meta) check parameters
[0.391s] Level 1:colcon.colcon_core.package_discovery:discover_packages(recursive) check parameters
[0.391s] Level 1:colcon.colcon_core.package_discovery:discover_packages(ignore) check parameters
[0.391s] Level 1:colcon.colcon_core.package_discovery:discover_packages(path) check parameters
[0.391s] Level 1:colcon.colcon_core.package_discovery:discover_packages(colcon_meta) discover
[0.391s] Level 1:colcon.colcon_core.package_discovery:discover_packages(recursive) discover
[0.391s] INFO:colcon.colcon_core.package_discovery:Crawling recursively for packages in '/home/jkan67/jkan67/b.ob/src/bob'
[0.391s] Level 1:colcon.colcon_core.package_identification:_identify(.) by extensions ['ignore', 'ignore_ament_install']
[0.392s] Level 1:colcon.colcon_core.package_identification:_identify(.) by extension 'ignore'
[0.392s] Level 1:colcon.colcon_core.package_identification:_identify(.) by extension 'ignore_ament_install'
[0.392s] Level 1:colcon.colcon_core.package_identification:_identify(.) by extensions ['colcon_pkg']
[0.392s] Level 1:colcon.colcon_core.package_identification:_identify(.) by extension 'colcon_pkg'
[0.392s] Level 1:colcon.colcon_core.package_identification:_identify(.) by extensions ['colcon_meta']
[0.392s] Level 1:colcon.colcon_core.package_identification:_identify(.) by extension 'colcon_meta'
[0.392s] Level 1:colcon.colcon_core.package_identification:_identify(.) by extensions ['ros']
[0.392s] Level 1:colcon.colcon_core.package_identification:_identify(.) by extension 'ros'
[0.408s] Level 1:colcon.colcon_core.package_identification:_identify(.) by extensions ['cmake', 'python']
[0.408s] Level 1:colcon.colcon_core.package_identification:_identify(.) by extension 'cmake'
[0.408s] Level 1:colcon.colcon_core.package_identification:_identify(.) by extension 'python'
[0.408s] Level 1:colcon.colcon_core.package_identification:_identify(.) by extensions ['python_setup_py']
[0.408s] Level 1:colcon.colcon_core.package_identification:_identify(.) by extension 'python_setup_py'
[0.408s] Level 1:colcon.colcon_core.package_identification:_identify(build) by extensions ['ignore', 'ignore_ament_install']
[0.409s] Level 1:colcon.colcon_core.package_identification:_identify(build) by extension 'ignore'
[0.409s] Level 1:colcon.colcon_core.package_identification:_identify(build) ignored
[0.409s] Level 1:colcon.colcon_core.package_identification:_identify(install) by extensions ['ignore', 'ignore_ament_install']
[0.409s] Level 1:colcon.colcon_core.package_identification:_identify(install) by extension 'ignore'
[0.409s] Level 1:colcon.colcon_core.package_identification:_identify(install) ignored
[0.409s] Level 1:colcon.colcon_core.package_identification:_identify(log) by extensions ['ignore', 'ignore_ament_install']
[0.409s] Level 1:colcon.colcon_core.package_identification:_identify(log) by extension 'ignore'
[0.409s] Level 1:colcon.colcon_core.package_identification:_identify(log) ignored
[0.409s] Level 1:colcon.colcon_core.package_identification:_identify(motor_encoder_library) by extensions ['ignore', 'ignore_ament_install']
[0.409s] Level 1:colcon.colcon_core.package_identification:_identify(motor_encoder_library) by extension 'ignore'
[0.409s] Level 1:colcon.colcon_core.package_identification:_identify(motor_encoder_library) by extension 'ignore_ament_install'
[0.410s] Level 1:colcon.colcon_core.package_identification:_identify(motor_encoder_library) by extensions ['colcon_pkg']
[0.410s] Level 1:colcon.colcon_core.package_identification:_identify(motor_encoder_library) by extension 'colcon_pkg'
[0.410s] Level 1:colcon.colcon_core.package_identification:_identify(motor_encoder_library) by extensions ['colcon_meta']
[0.410s] Level 1:colcon.colcon_core.package_identification:_identify(motor_encoder_library) by extension 'colcon_meta'
[0.410s] Level 1:colcon.colcon_core.package_identification:_identify(motor_encoder_library) by extensions ['ros']
[0.410s] Level 1:colcon.colcon_core.package_identification:_identify(motor_encoder_library) by extension 'ros'
[0.410s] Level 1:colcon.colcon_core.package_identification:_identify(motor_encoder_library) by extensions ['cmake', 'python']
[0.410s] Level 1:colcon.colcon_core.package_identification:_identify(motor_encoder_library) by extension 'cmake'
[0.410s] Level 1:colcon.colcon_core.package_identification:_identify(motor_encoder_library) by extension 'python'
[0.410s] Level 1:colcon.colcon_core.package_identification:_identify(motor_encoder_library) by extensions ['python_setup_py']
[0.410s] Level 1:colcon.colcon_core.package_identification:_identify(motor_encoder_library) by extension 'python_setup_py'
[0.410s] Level 1:colcon.colcon_core.package_identification:_identify(motor_encoder_library/build) by extensions ['ignore', 'ignore_ament_install']
[0.410s] Level 1:colcon.colcon_core.package_identification:_identify(motor_encoder_library/build) by extension 'ignore'
[0.410s] Level 1:colcon.colcon_core.package_identification:_identify(motor_encoder_library/build) by extension 'ignore_ament_install'
[0.410s] Level 1:colcon.colcon_core.package_identification:_identify(motor_encoder_library/build) by extensions ['colcon_pkg']
[0.410s] Level 1:colcon.colcon_core.package_identification:_identify(motor_encoder_library/build) by extension 'colcon_pkg'
[0.410s] Level 1:colcon.colcon_core.package_identification:_identify(motor_encoder_library/build) by extensions ['colcon_meta']
[0.410s] Level 1:colcon.colcon_core.package_identification:_identify(motor_encoder_library/build) by extension 'colcon_meta'
[0.411s] Level 1:colcon.colcon_core.package_identification:_identify(motor_encoder_library/build) by extensions ['ros']
[0.411s] Level 1:colcon.colcon_core.package_identification:_identify(motor_encoder_library/build) by extension 'ros'
[0.411s] Level 1:colcon.colcon_core.package_identification:_identify(motor_encoder_library/build) by extensions ['cmake', 'python']
[0.411s] Level 1:colcon.colcon_core.package_identification:_identify(motor_encoder_library/build) by extension 'cmake'
[0.411s] Level 1:colcon.colcon_core.package_identification:_identify(motor_encoder_library/build) by extension 'python'
[0.411s] Level 1:colcon.colcon_core.package_identification:_identify(motor_encoder_library/build) by extensions ['python_setup_py']
[0.411s] Level 1:colcon.colcon_core.package_identification:_identify(motor_encoder_library/build) by extension 'python_setup_py'
[0.411s] Level 1:colcon.colcon_core.package_identification:_identify(motor_encoder_library/build/CMakeFiles) by extensions ['ignore', 'ignore_ament_install']
[0.411s] Level 1:colcon.colcon_core.package_identification:_identify(motor_encoder_library/build/CMakeFiles) by extension 'ignore'
[0.411s] Level 1:colcon.colcon_core.package_identification:_identify(motor_encoder_library/build/CMakeFiles) by extension 'ignore_ament_install'
[0.411s] Level 1:colcon.colcon_core.package_identification:_identify(motor_encoder_library/build/CMakeFiles) by extensions ['colcon_pkg']
[0.411s] Level 1:colcon.colcon_core.package_identification:_identify(motor_encoder_library/build/CMakeFiles) by extension 'colcon_pkg'
[0.411s] Level 1:colcon.colcon_core.package_identification:_identify(motor_encoder_library/build/CMakeFiles) by extensions ['colcon_meta']
[0.411s] Level 1:colcon.colcon_core.package_identification:_identify(motor_encoder_library/build/CMakeFiles) by extension 'colcon_meta'
[0.411s] Level 1:colcon.colcon_core.package_identification:_identify(motor_encoder_library/build/CMakeFiles) by extensions ['ros']
[0.411s] Level 1:colcon.colcon_core.package_identification:_identify(motor_encoder_library/build/CMakeFiles) by extension 'ros'
[0.412s] Level 1:colcon.colcon_core.package_identification:_identify(motor_encoder_library/build/CMakeFiles) by extensions ['cmake', 'python']
[0.412s] Level 1:colcon.colcon_core.package_identification:_identify(motor_encoder_library/build/CMakeFiles) by extension 'cmake'
[0.412s] Level 1:colcon.colcon_core.package_identification:_identify(motor_encoder_library/build/CMakeFiles) by extension 'python'
[0.412s] Level 1:colcon.colcon_core.package_identification:_identify(motor_encoder_library/build/CMakeFiles) by extensions ['python_setup_py']
[0.412s] Level 1:colcon.colcon_core.package_identification:_identify(motor_encoder_library/build/CMakeFiles) by extension 'python_setup_py'
[0.412s] Level 1:colcon.colcon_core.package_identification:_identify(motor_encoder_library/build/CMakeFiles/3.22.1) by extensions ['ignore', 'ignore_ament_install']
[0.412s] Level 1:colcon.colcon_core.package_identification:_identify(motor_encoder_library/build/CMakeFiles/3.22.1) by extension 'ignore'
[0.412s] Level 1:colcon.colcon_core.package_identification:_identify(motor_encoder_library/build/CMakeFiles/3.22.1) by extension 'ignore_ament_install'
[0.412s] Level 1:colcon.colcon_core.package_identification:_identify(motor_encoder_library/build/CMakeFiles/3.22.1) by extensions ['colcon_pkg']
[0.412s] Level 1:colcon.colcon_core.package_identification:_identify(motor_encoder_library/build/CMakeFiles/3.22.1) by extension 'colcon_pkg'
[0.412s] Level 1:colcon.colcon_core.package_identification:_identify(motor_encoder_library/build/CMakeFiles/3.22.1) by extensions ['colcon_meta']
[0.412s] Level 1:colcon.colcon_core.package_identification:_identify(motor_encoder_library/build/CMakeFiles/3.22.1) by extension 'colcon_meta'
[0.412s] Level 1:colcon.colcon_core.package_identification:_identify(motor_encoder_library/build/CMakeFiles/3.22.1) by extensions ['ros']
[0.412s] Level 1:colcon.colcon_core.package_identification:_identify(motor_encoder_library/build/CMakeFiles/3.22.1) by extension 'ros'
[0.412s] Level 1:colcon.colcon_core.package_identification:_identify(motor_encoder_library/build/CMakeFiles/3.22.1) by extensions ['cmake', 'python']
[0.412s] Level 1:colcon.colcon_core.package_identification:_identify(motor_encoder_library/build/CMakeFiles/3.22.1) by extension 'cmake'
[0.412s] Level 1:colcon.colcon_core.package_identification:_identify(motor_encoder_library/build/CMakeFiles/3.22.1) by extension 'python'
[0.413s] Level 1:colcon.colcon_core.package_identification:_identify(motor_encoder_library/build/CMakeFiles/3.22.1) by extensions ['python_setup_py']
[0.413s] Level 1:colcon.colcon_core.package_identification:_identify(motor_encoder_library/build/CMakeFiles/3.22.1) by extension 'python_setup_py'
[0.413s] Level 1:colcon.colcon_core.package_identification:_identify(motor_encoder_library/build/CMakeFiles/3.22.1/CompilerIdC) by extensions ['ignore', 'ignore_ament_install']
[0.413s] Level 1:colcon.colcon_core.package_identification:_identify(motor_encoder_library/build/CMakeFiles/3.22.1/CompilerIdC) by extension 'ignore'
[0.413s] Level 1:colcon.colcon_core.package_identification:_identify(motor_encoder_library/build/CMakeFiles/3.22.1/CompilerIdC) by extension 'ignore_ament_install'
[0.413s] Level 1:colcon.colcon_core.package_identification:_identify(motor_encoder_library/build/CMakeFiles/3.22.1/CompilerIdC) by extensions ['colcon_pkg']
[0.413s] Level 1:colcon.colcon_core.package_identification:_identify(motor_encoder_library/build/CMakeFiles/3.22.1/CompilerIdC) by extension 'colcon_pkg'
[0.413s] Level 1:colcon.colcon_core.package_identification:_identify(motor_encoder_library/build/CMakeFiles/3.22.1/CompilerIdC) by extensions ['colcon_meta']
[0.413s] Level 1:colcon.colcon_core.package_identification:_identify(motor_encoder_library/build/CMakeFiles/3.22.1/CompilerIdC) by extension 'colcon_meta'
[0.413s] Level 1:colcon.colcon_core.package_identification:_identify(motor_encoder_library/build/CMakeFiles/3.22.1/CompilerIdC) by extensions ['ros']
[0.413s] Level 1:colcon.colcon_core.package_identification:_identify(motor_encoder_library/build/CMakeFiles/3.22.1/CompilerIdC) by extension 'ros'
[0.413s] Level 1:colcon.colcon_core.package_identification:_identify(motor_encoder_library/build/CMakeFiles/3.22.1/CompilerIdC) by extensions ['cmake', 'python']
[0.413s] Level 1:colcon.colcon_core.package_identification:_identify(motor_encoder_library/build/CMakeFiles/3.22.1/CompilerIdC) by extension 'cmake'
[0.413s] Level 1:colcon.colcon_core.package_identification:_identify(motor_encoder_library/build/CMakeFiles/3.22.1/CompilerIdC) by extension 'python'
[0.413s] Level 1:colcon.colcon_core.package_identification:_identify(motor_encoder_library/build/CMakeFiles/3.22.1/CompilerIdC) by extensions ['python_setup_py']
[0.413s] Level 1:colcon.colcon_core.package_identification:_identify(motor_encoder_library/build/CMakeFiles/3.22.1/CompilerIdC) by extension 'python_setup_py'
[0.414s] Level 1:colcon.colcon_core.package_identification:_identify(motor_encoder_library/build/CMakeFiles/3.22.1/CompilerIdC/tmp) by extensions ['ignore', 'ignore_ament_install']
[0.414s] Level 1:colcon.colcon_core.package_identification:_identify(motor_encoder_library/build/CMakeFiles/3.22.1/CompilerIdC/tmp) by extension 'ignore'
[0.414s] Level 1:colcon.colcon_core.package_identification:_identify(motor_encoder_library/build/CMakeFiles/3.22.1/CompilerIdC/tmp) by extension 'ignore_ament_install'
[0.414s] Level 1:colcon.colcon_core.package_identification:_identify(motor_encoder_library/build/CMakeFiles/3.22.1/CompilerIdC/tmp) by extensions ['colcon_pkg']
[0.414s] Level 1:colcon.colcon_core.package_identification:_identify(motor_encoder_library/build/CMakeFiles/3.22.1/CompilerIdC/tmp) by extension 'colcon_pkg'
[0.414s] Level 1:colcon.colcon_core.package_identification:_identify(motor_encoder_library/build/CMakeFiles/3.22.1/CompilerIdC/tmp) by extensions ['colcon_meta']
[0.414s] Level 1:colcon.colcon_core.package_identification:_identify(motor_encoder_library/build/CMakeFiles/3.22.1/CompilerIdC/tmp) by extension 'colcon_meta'
[0.414s] Level 1:colcon.colcon_core.package_identification:_identify(motor_encoder_library/build/CMakeFiles/3.22.1/CompilerIdC/tmp) by extensions ['ros']
[0.414s] Level 1:colcon.colcon_core.package_identification:_identify(motor_encoder_library/build/CMakeFiles/3.22.1/CompilerIdC/tmp) by extension 'ros'
[0.414s] Level 1:colcon.colcon_core.package_identification:_identify(motor_encoder_library/build/CMakeFiles/3.22.1/CompilerIdC/tmp) by extensions ['cmake', 'python']
[0.414s] Level 1:colcon.colcon_core.package_identification:_identify(motor_encoder_library/build/CMakeFiles/3.22.1/CompilerIdC/tmp) by extension 'cmake'
[0.414s] Level 1:colcon.colcon_core.package_identification:_identify(motor_encoder_library/build/CMakeFiles/3.22.1/CompilerIdC/tmp) by extension 'python'
[0.414s] Level 1:colcon.colcon_core.package_identification:_identify(motor_encoder_library/build/CMakeFiles/3.22.1/CompilerIdC/tmp) by extensions ['python_setup_py']
[0.414s] Level 1:colcon.colcon_core.package_identification:_identify(motor_encoder_library/build/CMakeFiles/3.22.1/CompilerIdC/tmp) by extension 'python_setup_py'
[0.414s] Level 1:colcon.colcon_core.package_identification:_identify(motor_encoder_library/build/CMakeFiles/3.22.1/CompilerIdCXX) by extensions ['ignore', 'ignore_ament_install']
[0.415s] Level 1:colcon.colcon_core.package_identification:_identify(motor_encoder_library/build/CMakeFiles/3.22.1/CompilerIdCXX) by extension 'ignore'
[0.415s] Level 1:colcon.colcon_core.package_identification:_identify(motor_encoder_library/build/CMakeFiles/3.22.1/CompilerIdCXX) by extension 'ignore_ament_install'
[0.415s] Level 1:colcon.colcon_core.package_identification:_identify(motor_encoder_library/build/CMakeFiles/3.22.1/CompilerIdCXX) by extensions ['colcon_pkg']
[0.415s] Level 1:colcon.colcon_core.package_identification:_identify(motor_encoder_library/build/CMakeFiles/3.22.1/CompilerIdCXX) by extension 'colcon_pkg'
[0.415s] Level 1:colcon.colcon_core.package_identification:_identify(motor_encoder_library/build/CMakeFiles/3.22.1/CompilerIdCXX) by extensions ['colcon_meta']
[0.415s] Level 1:colcon.colcon_core.package_identification:_identify(motor_encoder_library/build/CMakeFiles/3.22.1/CompilerIdCXX) by extension 'colcon_meta'
[0.415s] Level 1:colcon.colcon_core.package_identification:_identify(motor_encoder_library/build/CMakeFiles/3.22.1/CompilerIdCXX) by extensions ['ros']
[0.415s] Level 1:colcon.colcon_core.package_identification:_identify(motor_encoder_library/build/CMakeFiles/3.22.1/CompilerIdCXX) by extension 'ros'
[0.415s] Level 1:colcon.colcon_core.package_identification:_identify(motor_encoder_library/build/CMakeFiles/3.22.1/CompilerIdCXX) by extensions ['cmake', 'python']
[0.415s] Level 1:colcon.colcon_core.package_identification:_identify(motor_encoder_library/build/CMakeFiles/3.22.1/CompilerIdCXX) by extension 'cmake'
[0.415s] Level 1:colcon.colcon_core.package_identification:_identify(motor_encoder_library/build/CMakeFiles/3.22.1/CompilerIdCXX) by extension 'python'
[0.415s] Level 1:colcon.colcon_core.package_identification:_identify(motor_encoder_library/build/CMakeFiles/3.22.1/CompilerIdCXX) by extensions ['python_setup_py']
[0.415s] Level 1:colcon.colcon_core.package_identification:_identify(motor_encoder_library/build/CMakeFiles/3.22.1/CompilerIdCXX) by extension 'python_setup_py'
[0.415s] Level 1:colcon.colcon_core.package_identification:_identify(motor_encoder_library/build/CMakeFiles/3.22.1/CompilerIdCXX/tmp) by extensions ['ignore', 'ignore_ament_install']
[0.415s] Level 1:colcon.colcon_core.package_identification:_identify(motor_encoder_library/build/CMakeFiles/3.22.1/CompilerIdCXX/tmp) by extension 'ignore'
[0.416s] Level 1:colcon.colcon_core.package_identification:_identify(motor_encoder_library/build/CMakeFiles/3.22.1/CompilerIdCXX/tmp) by extension 'ignore_ament_install'
[0.416s] Level 1:colcon.colcon_core.package_identification:_identify(motor_encoder_library/build/CMakeFiles/3.22.1/CompilerIdCXX/tmp) by extensions ['colcon_pkg']
[0.416s] Level 1:colcon.colcon_core.package_identification:_identify(motor_encoder_library/build/CMakeFiles/3.22.1/CompilerIdCXX/tmp) by extension 'colcon_pkg'
[0.416s] Level 1:colcon.colcon_core.package_identification:_identify(motor_encoder_library/build/CMakeFiles/3.22.1/CompilerIdCXX/tmp) by extensions ['colcon_meta']
[0.416s] Level 1:colcon.colcon_core.package_identification:_identify(motor_encoder_library/build/CMakeFiles/3.22.1/CompilerIdCXX/tmp) by extension 'colcon_meta'
[0.416s] Level 1:colcon.colcon_core.package_identification:_identify(motor_encoder_library/build/CMakeFiles/3.22.1/CompilerIdCXX/tmp) by extensions ['ros']
[0.416s] Level 1:colcon.colcon_core.package_identification:_identify(motor_encoder_library/build/CMakeFiles/3.22.1/CompilerIdCXX/tmp) by extension 'ros'
[0.416s] Level 1:colcon.colcon_core.package_identification:_identify(motor_encoder_library/build/CMakeFiles/3.22.1/CompilerIdCXX/tmp) by extensions ['cmake', 'python']
[0.416s] Level 1:colcon.colcon_core.package_identification:_identify(motor_encoder_library/build/CMakeFiles/3.22.1/CompilerIdCXX/tmp) by extension 'cmake'
[0.416s] Level 1:colcon.colcon_core.package_identification:_identify(motor_encoder_library/build/CMakeFiles/3.22.1/CompilerIdCXX/tmp) by extension 'python'
[0.416s] Level 1:colcon.colcon_core.package_identification:_identify(motor_encoder_library/build/CMakeFiles/3.22.1/CompilerIdCXX/tmp) by extensions ['python_setup_py']
[0.416s] Level 1:colcon.colcon_core.package_identification:_identify(motor_encoder_library/build/CMakeFiles/3.22.1/CompilerIdCXX/tmp) by extension 'python_setup_py'
[0.416s] Level 1:colcon.colcon_core.package_identification:_identify(motor_encoder_library/build/CMakeFiles/CMakeTmp) by extensions ['ignore', 'ignore_ament_install']
[0.416s] Level 1:colcon.colcon_core.package_identification:_identify(motor_encoder_library/build/CMakeFiles/CMakeTmp) by extension 'ignore'
[0.416s] Level 1:colcon.colcon_core.package_identification:_identify(motor_encoder_library/build/CMakeFiles/CMakeTmp) by extension 'ignore_ament_install'
[0.416s] Level 1:colcon.colcon_core.package_identification:_identify(motor_encoder_library/build/CMakeFiles/CMakeTmp) by extensions ['colcon_pkg']
[0.416s] Level 1:colcon.colcon_core.package_identification:_identify(motor_encoder_library/build/CMakeFiles/CMakeTmp) by extension 'colcon_pkg'
[0.417s] Level 1:colcon.colcon_core.package_identification:_identify(motor_encoder_library/build/CMakeFiles/CMakeTmp) by extensions ['colcon_meta']
[0.417s] Level 1:colcon.colcon_core.package_identification:_identify(motor_encoder_library/build/CMakeFiles/CMakeTmp) by extension 'colcon_meta'
[0.417s] Level 1:colcon.colcon_core.package_identification:_identify(motor_encoder_library/build/CMakeFiles/CMakeTmp) by extensions ['ros']
[0.417s] Level 1:colcon.colcon_core.package_identification:_identify(motor_encoder_library/build/CMakeFiles/CMakeTmp) by extension 'ros'
[0.417s] Level 1:colcon.colcon_core.package_identification:_identify(motor_encoder_library/build/CMakeFiles/CMakeTmp) by extensions ['cmake', 'python']
[0.417s] Level 1:colcon.colcon_core.package_identification:_identify(motor_encoder_library/build/CMakeFiles/CMakeTmp) by extension 'cmake'
[0.417s] Level 1:colcon.colcon_core.package_identification:_identify(motor_encoder_library/build/CMakeFiles/CMakeTmp) by extension 'python'
[0.417s] Level 1:colcon.colcon_core.package_identification:_identify(motor_encoder_library/build/CMakeFiles/CMakeTmp) by extensions ['python_setup_py']
[0.417s] Level 1:colcon.colcon_core.package_identification:_identify(motor_encoder_library/build/CMakeFiles/CMakeTmp) by extension 'python_setup_py'
[0.417s] Level 1:colcon.colcon_core.package_identification:_identify(src) by extensions ['ignore', 'ignore_ament_install']
[0.417s] Level 1:colcon.colcon_core.package_identification:_identify(src) by extension 'ignore'
[0.417s] Level 1:colcon.colcon_core.package_identification:_identify(src) by extension 'ignore_ament_install'
[0.417s] Level 1:colcon.colcon_core.package_identification:_identify(src) by extensions ['colcon_pkg']
[0.417s] Level 1:colcon.colcon_core.package_identification:_identify(src) by extension 'colcon_pkg'
[0.417s] Level 1:colcon.colcon_core.package_identification:_identify(src) by extensions ['colcon_meta']
[0.417s] Level 1:colcon.colcon_core.package_identification:_identify(src) by extension 'colcon_meta'
[0.417s] Level 1:colcon.colcon_core.package_identification:_identify(src) by extensions ['ros']
[0.417s] Level 1:colcon.colcon_core.package_identification:_identify(src) by extension 'ros'
[0.421s] DEBUG:colcon.colcon_core.package_identification:Package 'src' with type 'ros.ament_cmake' and name 'bob'
[0.421s] Level 1:colcon.colcon_core.package_discovery:discover_packages(recursive) using defaults
[0.421s] Level 1:colcon.colcon_core.package_discovery:discover_packages(ignore) discover
[0.421s] Level 1:colcon.colcon_core.package_discovery:discover_packages(ignore) using defaults
[0.421s] Level 1:colcon.colcon_core.package_discovery:discover_packages(path) discover
[0.421s] Level 1:colcon.colcon_core.package_discovery:discover_packages(path) using defaults
[0.453s] Level 1:colcon.colcon_core.package_discovery:discover_packages(prefix_path) check parameters
[0.453s] Level 1:colcon.colcon_core.package_discovery:discover_packages(prefix_path) discover
[0.459s] DEBUG:colcon.colcon_installed_package_information.package_discovery:Found 293 installed packages in /opt/ros/humble
[0.464s] Level 1:colcon.colcon_core.package_discovery:discover_packages(prefix_path) using defaults
[0.530s] Level 5:colcon.colcon_core.verb:set package 'bob' build argument 'cmake_args' from command line to 'None'
[0.530s] Level 5:colcon.colcon_core.verb:set package 'bob' build argument 'cmake_target' from command line to 'None'
[0.530s] Level 5:colcon.colcon_core.verb:set package 'bob' build argument 'cmake_target_skip_unavailable' from command line to 'False'
[0.530s] Level 5:colcon.colcon_core.verb:set package 'bob' build argument 'cmake_clean_cache' from command line to 'False'
[0.531s] Level 5:colcon.colcon_core.verb:set package 'bob' build argument 'cmake_clean_first' from command line to 'False'
[0.531s] Level 5:colcon.colcon_core.verb:set package 'bob' build argument 'cmake_force_configure' from command line to 'False'
[0.531s] Level 5:colcon.colcon_core.verb:set package 'bob' build argument 'ament_cmake_args' from command line to 'None'
[0.531s] Level 5:colcon.colcon_core.verb:set package 'bob' build argument 'catkin_cmake_args' from command line to 'None'
[0.531s] Level 5:colcon.colcon_core.verb:set package 'bob' build argument 'catkin_skip_building_tests' from command line to 'False'
[0.531s] DEBUG:colcon.colcon_core.verb:Building package 'bob' with the following arguments: {'ament_cmake_args': None, 'build_base': '/home/jkan67/jkan67/b.ob/src/bob/build/bob', 'catkin_cmake_args': None, 'catkin_skip_building_tests': False, 'cmake_args': None, 'cmake_clean_cache': False, 'cmake_clean_first': False, 'cmake_force_configure': False, 'cmake_target': None, 'cmake_target_skip_unavailable': False, 'install_base': '/home/jkan67/jkan67/b.ob/src/bob/install/bob', 'merge_install': False, 'path': '/home/jkan67/jkan67/b.ob/src/bob/src', 'symlink_install': True, 'test_result_base': None}
[0.531s] INFO:colcon.colcon_core.executor:Executing jobs using 'parallel' executor
[0.533s] DEBUG:colcon.colcon_parallel_executor.executor.parallel:run_until_complete
[0.533s] INFO:colcon.colcon_ros.task.ament_cmake.build:Building ROS package in '/home/jkan67/jkan67/b.ob/src/bob/src' with build type 'ament_cmake'
[0.534s] INFO:colcon.colcon_cmake.task.cmake.build:Building CMake package in '/home/jkan67/jkan67/b.ob/src/bob/src'
[0.543s] INFO:colcon.colcon_core.plugin_system:Skipping extension 'colcon_core.shell.bat': Not used on non-Windows systems
[0.543s] INFO:colcon.colcon_core.shell:Skip shell extension 'powershell' for command environment: Not usable outside of PowerShell
[0.543s] DEBUG:colcon.colcon_core.shell:Skip shell extension 'dsv' for command environment
[0.573s] DEBUG:colcon.colcon_core.event_handler.log_command:Invoking command in '/home/jkan67/jkan67/b.ob/src/bob/build/bob': CMAKE_PREFIX_PATH=/opt/ros/humble /usr/bin/cmake /home/jkan67/jkan67/b.ob/src/bob/src -DAMENT_CMAKE_SYMLINK_INSTALL=1 -DCMAKE_INSTALL_PREFIX=/home/jkan67/jkan67/b.ob/src/bob/install/bob
[1.450s] DEBUG:colcon.colcon_core.event_handler.log_command:Invoked command in '/home/jkan67/jkan67/b.ob/src/bob/build/bob' returned '0': CMAKE_PREFIX_PATH=/opt/ros/humble /usr/bin/cmake /home/jkan67/jkan67/b.ob/src/bob/src -DAMENT_CMAKE_SYMLINK_INSTALL=1 -DCMAKE_INSTALL_PREFIX=/home/jkan67/jkan67/b.ob/src/bob/install/bob
[1.454s] DEBUG:colcon.colcon_core.event_handler.log_command:Invoking command in '/home/jkan67/jkan67/b.ob/src/bob/build/bob': CMAKE_PREFIX_PATH=/opt/ros/humble /usr/bin/cmake --build /home/jkan67/jkan67/b.ob/src/bob/build/bob -- -j8 -l8
[1.503s] DEBUG:colcon.colcon_core.event_handler.log_command:Invoked command in '/home/jkan67/jkan67/b.ob/src/bob/build/bob' returned '0': CMAKE_PREFIX_PATH=/opt/ros/humble /usr/bin/cmake --build /home/jkan67/jkan67/b.ob/src/bob/build/bob -- -j8 -l8
[1.543s] DEBUG:colcon.colcon_core.event_handler.log_command:Invoking command in '/home/jkan67/jkan67/b.ob/src/bob/build/bob': CMAKE_PREFIX_PATH=/opt/ros/humble /usr/bin/cmake --install /home/jkan67/jkan67/b.ob/src/bob/build/bob
[1.916s] Level 1:colcon.colcon_core.environment:create_environment_scripts_only(bob)
[1.916s] DEBUG:colcon.colcon_core.event_handler.log_command:Invoked command in '/home/jkan67/jkan67/b.ob/src/bob/build/bob' returned '0': CMAKE_PREFIX_PATH=/opt/ros/humble /usr/bin/cmake --install /home/jkan67/jkan67/b.ob/src/bob/build/bob
[1.922s] Level 1:colcon.colcon_core.environment:checking '/home/jkan67/jkan67/b.ob/src/bob/install/bob' for CMake module files
[1.922s] Level 1:colcon.colcon_core.environment:checking '/home/jkan67/jkan67/b.ob/src/bob/install/bob' for CMake config files
[1.923s] Level 1:colcon.colcon_core.shell:create_environment_hook('bob', 'cmake_prefix_path')
[1.923s] INFO:colcon.colcon_core.shell:Creating environment hook '/home/jkan67/jkan67/b.ob/src/bob/install/bob/share/bob/hook/cmake_prefix_path.ps1'
[1.924s] INFO:colcon.colcon_core.shell:Creating environment descriptor '/home/jkan67/jkan67/b.ob/src/bob/install/bob/share/bob/hook/cmake_prefix_path.dsv'
[1.924s] INFO:colcon.colcon_core.shell:Creating environment hook '/home/jkan67/jkan67/b.ob/src/bob/install/bob/share/bob/hook/cmake_prefix_path.sh'
[1.925s] Level 1:colcon.colcon_core.environment:checking '/home/jkan67/jkan67/b.ob/src/bob/install/bob/bin'
[1.925s] Level 1:colcon.colcon_core.environment:checking '/home/jkan67/jkan67/b.ob/src/bob/install/bob/lib/pkgconfig/bob.pc'
[1.926s] Level 1:colcon.colcon_core.environment:checking '/home/jkan67/jkan67/b.ob/src/bob/install/bob/lib/python3.10/site-packages'
[1.926s] Level 1:colcon.colcon_core.environment:checking '/home/jkan67/jkan67/b.ob/src/bob/install/bob/bin'
[1.926s] INFO:colcon.colcon_core.shell:Creating package script '/home/jkan67/jkan67/b.ob/src/bob/install/bob/share/bob/package.ps1'
[1.927s] INFO:colcon.colcon_core.shell:Creating package descriptor '/home/jkan67/jkan67/b.ob/src/bob/install/bob/share/bob/package.dsv'
[1.928s] INFO:colcon.colcon_core.shell:Creating package script '/home/jkan67/jkan67/b.ob/src/bob/install/bob/share/bob/package.sh'
[1.929s] INFO:colcon.colcon_core.shell:Creating package script '/home/jkan67/jkan67/b.ob/src/bob/install/bob/share/bob/package.bash'
[1.930s] INFO:colcon.colcon_core.shell:Creating package script '/home/jkan67/jkan67/b.ob/src/bob/install/bob/share/bob/package.zsh'
[1.930s] Level 1:colcon.colcon_core.environment:create_file_with_runtime_dependencies(/home/jkan67/jkan67/b.ob/src/bob/install/bob/share/colcon-core/packages/bob)
[1.962s] Level 1:colcon.colcon_core.environment:create_environment_scripts_only(bob)
[1.962s] Level 1:colcon.colcon_core.environment:checking '/home/jkan67/jkan67/b.ob/src/bob/install/bob' for CMake module files
[1.963s] Level 1:colcon.colcon_core.environment:checking '/home/jkan67/jkan67/b.ob/src/bob/install/bob' for CMake config files
[1.963s] Level 1:colcon.colcon_core.shell:create_environment_hook('bob', 'cmake_prefix_path')
[1.963s] INFO:colcon.colcon_core.shell:Creating environment hook '/home/jkan67/jkan67/b.ob/src/bob/install/bob/share/bob/hook/cmake_prefix_path.ps1'
[1.964s] INFO:colcon.colcon_core.shell:Creating environment descriptor '/home/jkan67/jkan67/b.ob/src/bob/install/bob/share/bob/hook/cmake_prefix_path.dsv'
[1.964s] INFO:colcon.colcon_core.shell:Creating environment hook '/home/jkan67/jkan67/b.ob/src/bob/install/bob/share/bob/hook/cmake_prefix_path.sh'
[1.965s] Level 1:colcon.colcon_core.environment:checking '/home/jkan67/jkan67/b.ob/src/bob/install/bob/bin'
[1.965s] Level 1:colcon.colcon_core.environment:checking '/home/jkan67/jkan67/b.ob/src/bob/install/bob/lib/pkgconfig/bob.pc'
[1.966s] Level 1:colcon.colcon_core.environment:checking '/home/jkan67/jkan67/b.ob/src/bob/install/bob/lib/python3.10/site-packages'
[1.966s] Level 1:colcon.colcon_core.environment:checking '/home/jkan67/jkan67/b.ob/src/bob/install/bob/bin'
[1.966s] INFO:colcon.colcon_core.shell:Creating package script '/home/jkan67/jkan67/b.ob/src/bob/install/bob/share/bob/package.ps1'
[1.967s] INFO:colcon.colcon_core.shell:Creating package descriptor '/home/jkan67/jkan67/b.ob/src/bob/install/bob/share/bob/package.dsv'
[1.968s] INFO:colcon.colcon_core.shell:Creating package script '/home/jkan67/jkan67/b.ob/src/bob/install/bob/share/bob/package.sh'
[1.969s] INFO:colcon.colcon_core.shell:Creating package script '/home/jkan67/jkan67/b.ob/src/bob/install/bob/share/bob/package.bash'
[1.969s] INFO:colcon.colcon_core.shell:Creating package script '/home/jkan67/jkan67/b.ob/src/bob/install/bob/share/bob/package.zsh'
[1.969s] Level 1:colcon.colcon_core.environment:create_file_with_runtime_dependencies(/home/jkan67/jkan67/b.ob/src/bob/install/bob/share/colcon-core/packages/bob)
[1.970s] DEBUG:colcon.colcon_parallel_executor.executor.parallel:closing loop
[1.970s] DEBUG:colcon.colcon_parallel_executor.executor.parallel:loop closed
[1.970s] DEBUG:colcon.colcon_parallel_executor.executor.parallel:run_until_complete finished with '0'
[1.970s] DEBUG:colcon.colcon_core.event_reactor:joining thread
[1.981s] INFO:colcon.colcon_core.plugin_system:Skipping extension 'colcon_notification.desktop_notification.terminal_notifier': Not used on non-Darwin systems
[1.981s] INFO:colcon.colcon_core.plugin_system:Skipping extension 'colcon_notification.desktop_notification.win32': Not used on non-Windows systems
[1.981s] INFO:colcon.colcon_notification.desktop_notification:Sending desktop notification using 'notify2'
[2.036s] DEBUG:colcon.colcon_core.event_reactor:joined thread
[2.037s] INFO:colcon.colcon_core.shell:Creating prefix script '/home/jkan67/jkan67/b.ob/src/bob/install/local_setup.ps1'
[2.038s] INFO:colcon.colcon_core.shell:Creating prefix util module '/home/jkan67/jkan67/b.ob/src/bob/install/_local_setup_util_ps1.py'
[2.040s] INFO:colcon.colcon_core.shell:Creating prefix chain script '/home/jkan67/jkan67/b.ob/src/bob/install/setup.ps1'
[2.042s] INFO:colcon.colcon_core.shell:Creating prefix script '/home/jkan67/jkan67/b.ob/src/bob/install/local_setup.sh'
[2.043s] INFO:colcon.colcon_core.shell:Creating prefix util module '/home/jkan67/jkan67/b.ob/src/bob/install/_local_setup_util_sh.py'
[2.044s] INFO:colcon.colcon_core.shell:Creating prefix chain script '/home/jkan67/jkan67/b.ob/src/bob/install/setup.sh'
[2.046s] INFO:colcon.colcon_core.shell:Creating prefix script '/home/jkan67/jkan67/b.ob/src/bob/install/local_setup.bash'
[2.047s] INFO:colcon.colcon_core.shell:Creating prefix chain script '/home/jkan67/jkan67/b.ob/src/bob/install/setup.bash'
[2.048s] INFO:colcon.colcon_core.shell:Creating prefix script '/home/jkan67/jkan67/b.ob/src/bob/install/local_setup.zsh'
[2.049s] INFO:colcon.colcon_core.shell:Creating prefix chain script '/home/jkan67/jkan67/b.ob/src/bob/install/setup.zsh'
